2020-02-11 11:04:49,421 INFO [main] org.apache.nifi.minifi.MiNiFi Launching MiNiFi...
2020-02-11 11:04:49,568 INFO [main] org.apache.nifi.BootstrapListener Started Bootstrap Listener, Listening for incoming requests on port 44244
2020-02-11 11:04:49,585 INFO [main] org.apache.nifi.BootstrapListener Successfully initiated communication with Bootstrap
2020-02-11 11:04:52,754 INFO [main] org.apache.nifi.nar.NarClassLoaders Loaded NAR file: /home/ubuntu/minifi/minifi-0.5.0/./work/nar/framework/minifi-framework-nar-0.5.0.nar-unpacked as class loader org.apache.nifi.nar.NarClassLoader[./work/nar/framework/minifi-framework-nar-0.5.0.nar-unpacked]
2020-02-11 11:04:52,756 INFO [main] org.apache.nifi.nar.NarClassLoaders Loaded NAR file: /home/ubuntu/minifi/minifi-0.5.0/./work/nar/extensions/minifi-update-attribute-nar-0.5.0.nar-unpacked as class loader org.apache.nifi.nar.NarClassLoader[./work/nar/extensions/minifi-update-attribute-nar-0.5.0.nar-unpacked]
2020-02-11 11:04:52,762 INFO [main] org.apache.nifi.nar.NarClassLoaders Loaded NAR file: /home/ubuntu/minifi/minifi-0.5.0/./work/nar/extensions/nifi-jetty-bundle-1.7.0.nar-unpacked as class loader org.apache.nifi.nar.NarClassLoader[./work/nar/extensions/nifi-jetty-bundle-1.7.0.nar-unpacked]
2020-02-11 11:04:52,764 INFO [main] org.apache.nifi.nar.NarClassLoaders Loaded NAR file: /home/ubuntu/minifi/minifi-0.5.0/./work/nar/extensions/nifi-standard-services-api-nar-1.7.0.nar-unpacked as class loader org.apache.nifi.nar.NarClassLoader[./work/nar/extensions/nifi-standard-services-api-nar-1.7.0.nar-unpacked]
2020-02-11 11:04:52,769 INFO [main] org.apache.nifi.nar.NarClassLoaders Loaded NAR file: /home/ubuntu/minifi/minifi-0.5.0/./work/nar/extensions/minifi-provenance-reporting-nar-0.5.0.nar-unpacked as class loader org.apache.nifi.nar.NarClassLoader[./work/nar/extensions/minifi-provenance-reporting-nar-0.5.0.nar-unpacked]
2020-02-11 11:04:52,771 INFO [main] org.apache.nifi.nar.NarClassLoaders Loaded NAR file: /home/ubuntu/minifi/minifi-0.5.0/./work/nar/extensions/minifi-provenance-repository-nar-0.5.0.nar-unpacked as class loader org.apache.nifi.nar.NarClassLoader[./work/nar/extensions/minifi-provenance-repository-nar-0.5.0.nar-unpacked]
2020-02-11 11:04:52,772 INFO [main] org.apache.nifi.nar.NarClassLoaders Loaded NAR file: /home/ubuntu/minifi/minifi-0.5.0/./work/nar/extensions/minifi-ssl-context-service-nar-0.5.0.nar-unpacked as class loader org.apache.nifi.nar.NarClassLoader[./work/nar/extensions/minifi-ssl-context-service-nar-0.5.0.nar-unpacked]
2020-02-11 11:04:52,782 INFO [main] org.apache.nifi.nar.NarClassLoaders Loaded NAR file: /home/ubuntu/minifi/minifi-0.5.0/./work/nar/extensions/minifi-standard-nar-0.5.0.nar-unpacked as class loader org.apache.nifi.nar.NarClassLoader[./work/nar/extensions/minifi-standard-nar-0.5.0.nar-unpacked]
2020-02-11 11:04:52,783 INFO [main] org.apache.nifi.nar.NarClassLoaders Loaded NAR file: /home/ubuntu/minifi/minifi-0.5.0/./work/nar/extensions/nifi-edge-nar-1.0-SNAPSHOT.nar-unpacked as class loader org.apache.nifi.nar.NarClassLoader[./work/nar/extensions/nifi-edge-nar-1.0-SNAPSHOT.nar-unpacked]
2020-02-11 11:04:52,784 INFO [main] org.apache.nifi.nar.NarClassLoaders Loaded NAR file: /home/ubuntu/minifi/minifi-0.5.0/./work/nar/extensions/nifi-registry-nar-1.7.0.nar-unpacked as class loader org.apache.nifi.nar.NarClassLoader[./work/nar/extensions/nifi-registry-nar-1.7.0.nar-unpacked]
2020-02-11 11:04:52,790 INFO [main] org.apache.nifi.nar.NarClassLoaders Loaded NAR file: /home/ubuntu/minifi/minifi-0.5.0/./work/nar/extensions/nifi-record-serialization-services-nar-1.7.0.nar-unpacked as class loader org.apache.nifi.nar.NarClassLoader[./work/nar/extensions/nifi-record-serialization-services-nar-1.7.0.nar-unpacked]
2020-02-11 11:04:52,791 INFO [main] org.apache.nifi.nar.NarClassLoaders Loaded NAR file: /home/ubuntu/minifi/minifi-0.5.0/./work/nar/extensions/nifi-groovyx-nar-1.7.0.nar-unpacked as class loader org.apache.nifi.nar.NarClassLoader[./work/nar/extensions/nifi-groovyx-nar-1.7.0.nar-unpacked]
2020-02-11 11:04:52,795 INFO [main] org.apache.nifi.nar.NarClassLoaders Loaded NAR file: /home/ubuntu/minifi/minifi-0.5.0/./work/nar/extensions/nifi-cloud-nar-1.0-SNAPSHOT.nar-unpacked as class loader org.apache.nifi.nar.NarClassLoader[./work/nar/extensions/nifi-cloud-nar-1.0-SNAPSHOT.nar-unpacked]
2020-02-11 11:04:55,925 INFO [main] org.apache.nifi.nar.ExtensionManager Extension Type Mapping to Bundle:
	=== ProvenanceRepository Type ===
	org.apache.nifi.provenance.EncryptedWriteAheadProvenanceRepository
		default:system:unversioned || ./lib
	org.apache.nifi.provenance.WriteAheadProvenanceRepository
		default:system:unversioned || ./lib
	org.apache.nifi.provenance.NoOpProvenanceRepository
		org.apache.nifi.minifi:minifi-provenance-repository-nar:0.5.0 || ./work/nar/extensions/minifi-provenance-repository-nar-0.5.0.nar-unpacked
	org.apache.nifi.provenance.MiNiFiPersistentProvenanceRepository
		org.apache.nifi.minifi:minifi-provenance-repository-nar:0.5.0 || ./work/nar/extensions/minifi-provenance-repository-nar-0.5.0.nar-unpacked
	org.apache.nifi.provenance.PersistentProvenanceRepository
		default:system:unversioned || ./lib
	=== End ProvenanceRepository types ===
	=== Processor Type ===
	org.apache.nifi.processors.standard.FlattenJson
		org.apache.nifi.minifi:minifi-standard-nar:0.5.0 || ./work/nar/extensions/minifi-standard-nar-0.5.0.nar-unpacked
	org.apache.nifi.processors.standard.MonitorActivity
		org.apache.nifi.minifi:minifi-standard-nar:0.5.0 || ./work/nar/extensions/minifi-standard-nar-0.5.0.nar-unpacked
	org.apache.nifi.processors.standard.QueryDatabaseTable
		org.apache.nifi.minifi:minifi-standard-nar:0.5.0 || ./work/nar/extensions/minifi-standard-nar-0.5.0.nar-unpacked
	org.apache.nifi.processors.standard.ConvertRecord
		org.apache.nifi.minifi:minifi-standard-nar:0.5.0 || ./work/nar/extensions/minifi-standard-nar-0.5.0.nar-unpacked
	org.apache.nifi.processors.standard.ValidateRecord
		org.apache.nifi.minifi:minifi-standard-nar:0.5.0 || ./work/nar/extensions/minifi-standard-nar-0.5.0.nar-unpacked
	org.apache.nifi.processors.standard.TransformXml
		org.apache.nifi.minifi:minifi-standard-nar:0.5.0 || ./work/nar/extensions/minifi-standard-nar-0.5.0.nar-unpacked
	org.apache.nifi.processors.standard.PutFile
		org.apache.nifi.minifi:minifi-standard-nar:0.5.0 || ./work/nar/extensions/minifi-standard-nar-0.5.0.nar-unpacked
	org.apache.nifi.processors.standard.GenerateTableFetch
		org.apache.nifi.minifi:minifi-standard-nar:0.5.0 || ./work/nar/extensions/minifi-standard-nar-0.5.0.nar-unpacked
	org.apache.nifi.processors.standard.LogMessage
		org.apache.nifi.minifi:minifi-standard-nar:0.5.0 || ./work/nar/extensions/minifi-standard-nar-0.5.0.nar-unpacked
	org.apache.nifi.processors.standard.TailFile
		org.apache.nifi.minifi:minifi-standard-nar:0.5.0 || ./work/nar/extensions/minifi-standard-nar-0.5.0.nar-unpacked
	org.apache.nifi.processors.standard.EvaluateJsonPath
		org.apache.nifi.minifi:minifi-standard-nar:0.5.0 || ./work/nar/extensions/minifi-standard-nar-0.5.0.nar-unpacked
	org.apache.nifi.processors.standard.GetJMSQueue
		org.apache.nifi.minifi:minifi-standard-nar:0.5.0 || ./work/nar/extensions/minifi-standard-nar-0.5.0.nar-unpacked
	org.apache.nifi.processors.standard.ControlRate
		org.apache.nifi.minifi:minifi-standard-nar:0.5.0 || ./work/nar/extensions/minifi-standard-nar-0.5.0.nar-unpacked
	org.apache.nifi.processors.standard.ValidateCsv
		org.apache.nifi.minifi:minifi-standard-nar:0.5.0 || ./work/nar/extensions/minifi-standard-nar-0.5.0.nar-unpacked
	org.apache.nifi.processors.standard.ParseCEF
		org.apache.nifi.minifi:minifi-standard-nar:0.5.0 || ./work/nar/extensions/minifi-standard-nar-0.5.0.nar-unpacked
	org.apache.nifi.processors.standard.PutTCP
		org.apache.nifi.minifi:minifi-standard-nar:0.5.0 || ./work/nar/extensions/minifi-standard-nar-0.5.0.nar-unpacked
	org.apache.nifi.processors.standard.FetchDistributedMapCache
		org.apache.nifi.minifi:minifi-standard-nar:0.5.0 || ./work/nar/extensions/minifi-standard-nar-0.5.0.nar-unpacked
	org.apache.nifi.processors.standard.PostHTTP
		org.apache.nifi.minifi:minifi-standard-nar:0.5.0 || ./work/nar/extensions/minifi-standard-nar-0.5.0.nar-unpacked
	org.apache.nifi.processors.standard.EncryptContent
		org.apache.nifi.minifi:minifi-standard-nar:0.5.0 || ./work/nar/extensions/minifi-standard-nar-0.5.0.nar-unpacked
	org.apache.nifi.processors.standard.AttributesToCSV
		org.apache.nifi.minifi:minifi-standard-nar:0.5.0 || ./work/nar/extensions/minifi-standard-nar-0.5.0.nar-unpacked
	org.apache.nifi.processors.standard.MergeRecord
		org.apache.nifi.minifi:minifi-standard-nar:0.5.0 || ./work/nar/extensions/minifi-standard-nar-0.5.0.nar-unpacked
	org.apache.nifi.processors.standard.ConvertJSONToSQL
		org.apache.nifi.minifi:minifi-standard-nar:0.5.0 || ./work/nar/extensions/minifi-standard-nar-0.5.0.nar-unpacked
	org.apache.nifi.processors.standard.PutDatabaseRecord
		org.apache.nifi.minifi:minifi-standard-nar:0.5.0 || ./work/nar/extensions/minifi-standard-nar-0.5.0.nar-unpacked
	org.apache.nifi.processors.standard.RouteOnContent
		org.apache.nifi.minifi:minifi-standard-nar:0.5.0 || ./work/nar/extensions/minifi-standard-nar-0.5.0.nar-unpacked
	org.apache.nifi.processors.standard.Wait
		org.apache.nifi.minifi:minifi-standard-nar:0.5.0 || ./work/nar/extensions/minifi-standard-nar-0.5.0.nar-unpacked
	org.apache.nifi.processors.standard.PutSyslog
		org.apache.nifi.minifi:minifi-standard-nar:0.5.0 || ./work/nar/extensions/minifi-standard-nar-0.5.0.nar-unpacked
	org.apache.nifi.processors.standard.ReplaceText
		org.apache.nifi.minifi:minifi-standard-nar:0.5.0 || ./work/nar/extensions/minifi-standard-nar-0.5.0.nar-unpacked
	org.apache.nifi.processors.standard.SplitRecord
		org.apache.nifi.minifi:minifi-standard-nar:0.5.0 || ./work/nar/extensions/minifi-standard-nar-0.5.0.nar-unpacked
	org.apache.nifi.processors.standard.ListenTCPRecord
		org.apache.nifi.minifi:minifi-standard-nar:0.5.0 || ./work/nar/extensions/minifi-standard-nar-0.5.0.nar-unpacked
	org.apache.nifi.processors.standard.AttributesToJSON
		org.apache.nifi.minifi:minifi-standard-nar:0.5.0 || ./work/nar/extensions/minifi-standard-nar-0.5.0.nar-unpacked
	org.apache.nifi.processors.standard.RouteText
		org.apache.nifi.minifi:minifi-standard-nar:0.5.0 || ./work/nar/extensions/minifi-standard-nar-0.5.0.nar-unpacked
	org.apache.nifi.processors.standard.SegmentContent
		org.apache.nifi.minifi:minifi-standard-nar:0.5.0 || ./work/nar/extensions/minifi-standard-nar-0.5.0.nar-unpacked
	org.apache.nifi.processors.standard.ListFTP
		org.apache.nifi.minifi:minifi-standard-nar:0.5.0 || ./work/nar/extensions/minifi-standard-nar-0.5.0.nar-unpacked
	org.apache.nifi.processors.standard.UpdateRecord
		org.apache.nifi.minifi:minifi-standard-nar:0.5.0 || ./work/nar/extensions/minifi-standard-nar-0.5.0.nar-unpacked
	org.apache.nifi.processors.standard.DetectDuplicate
		org.apache.nifi.minifi:minifi-standard-nar:0.5.0 || ./work/nar/extensions/minifi-standard-nar-0.5.0.nar-unpacked
	org.apache.nifi.processors.standard.JoltTransformJSON
		org.apache.nifi.minifi:minifi-standard-nar:0.5.0 || ./work/nar/extensions/minifi-standard-nar-0.5.0.nar-unpacked
	org.apache.nifi.processors.standard.SplitXml
		org.apache.nifi.minifi:minifi-standard-nar:0.5.0 || ./work/nar/extensions/minifi-standard-nar-0.5.0.nar-unpacked
	org.apache.nifi.processors.standard.ExtractText
		org.apache.nifi.minifi:minifi-standard-nar:0.5.0 || ./work/nar/extensions/minifi-standard-nar-0.5.0.nar-unpacked
	org.apache.nifi.processors.standard.FetchFTP
		org.apache.nifi.minifi:minifi-standard-nar:0.5.0 || ./work/nar/extensions/minifi-standard-nar-0.5.0.nar-unpacked
	org.apache.nifi.processors.standard.GetFile
		org.apache.nifi.minifi:minifi-standard-nar:0.5.0 || ./work/nar/extensions/minifi-standard-nar-0.5.0.nar-unpacked
	org.apache.nifi.processors.standard.ListenUDPRecord
		org.apache.nifi.minifi:minifi-standard-nar:0.5.0 || ./work/nar/extensions/minifi-standard-nar-0.5.0.nar-unpacked
	org.apache.nifi.processors.standard.PutFTP
		org.apache.nifi.minifi:minifi-standard-nar:0.5.0 || ./work/nar/extensions/minifi-standard-nar-0.5.0.nar-unpacked
	com.jarvis.processors.cloud.MyProcessor
		com.jarvis:nifi-cloud-nar:1.0-SNAPSHOT || ./work/nar/extensions/nifi-cloud-nar-1.0-SNAPSHOT.nar-unpacked
	org.apache.nifi.processors.standard.EvaluateXQuery
		org.apache.nifi.minifi:minifi-standard-nar:0.5.0 || ./work/nar/extensions/minifi-standard-nar-0.5.0.nar-unpacked
	org.apache.nifi.processors.standard.ListenTCP
		org.apache.nifi.minifi:minifi-standard-nar:0.5.0 || ./work/nar/extensions/minifi-standard-nar-0.5.0.nar-unpacked
	org.apache.nifi.processors.standard.PartitionRecord
		org.apache.nifi.minifi:minifi-standard-nar:0.5.0 || ./work/nar/extensions/minifi-standard-nar-0.5.0.nar-unpacked
	org.apache.nifi.processors.standard.PutUDP
		org.apache.nifi.minifi:minifi-standard-nar:0.5.0 || ./work/nar/extensions/minifi-standard-nar-0.5.0.nar-unpacked
	org.apache.nifi.processors.standard.ScanAttribute
		org.apache.nifi.minifi:minifi-standard-nar:0.5.0 || ./work/nar/extensions/minifi-standard-nar-0.5.0.nar-unpacked
	org.apache.nifi.processors.standard.GenerateFlowFile
		org.apache.nifi.minifi:minifi-standard-nar:0.5.0 || ./work/nar/extensions/minifi-standard-nar-0.5.0.nar-unpacked
	org.apache.nifi.processors.standard.ConvertCharacterSet
		org.apache.nifi.minifi:minifi-standard-nar:0.5.0 || ./work/nar/extensions/minifi-standard-nar-0.5.0.nar-unpacked
	org.apache.nifi.processors.standard.SplitContent
		org.apache.nifi.minifi:minifi-standard-nar:0.5.0 || ./work/nar/extensions/minifi-standard-nar-0.5.0.nar-unpacked
	org.apache.nifi.processors.standard.EvaluateXPath
		org.apache.nifi.minifi:minifi-standard-nar:0.5.0 || ./work/nar/extensions/minifi-standard-nar-0.5.0.nar-unpacked
	org.apache.nifi.processors.standard.UnpackContent
		org.apache.nifi.minifi:minifi-standard-nar:0.5.0 || ./work/nar/extensions/minifi-standard-nar-0.5.0.nar-unpacked
	org.apache.nifi.processors.standard.ValidateXml
		org.apache.nifi.minifi:minifi-standard-nar:0.5.0 || ./work/nar/extensions/minifi-standard-nar-0.5.0.nar-unpacked
	org.apache.nifi.processors.standard.PutJMS
		org.apache.nifi.minifi:minifi-standard-nar:0.5.0 || ./work/nar/extensions/minifi-standard-nar-0.5.0.nar-unpacked
	org.apache.nifi.processors.standard.GetHTTP
		org.apache.nifi.minifi:minifi-standard-nar:0.5.0 || ./work/nar/extensions/minifi-standard-nar-0.5.0.nar-unpacked
	org.apache.nifi.processors.standard.GetJMSTopic
		org.apache.nifi.minifi:minifi-standard-nar:0.5.0 || ./work/nar/extensions/minifi-standard-nar-0.5.0.nar-unpacked
	org.apache.nifi.processors.standard.QueryRecord
		org.apache.nifi.minifi:minifi-standard-nar:0.5.0 || ./work/nar/extensions/minifi-standard-nar-0.5.0.nar-unpacked
	org.apache.nifi.processors.standard.CalculateRecordStats
		org.apache.nifi.minifi:minifi-standard-nar:0.5.0 || ./work/nar/extensions/minifi-standard-nar-0.5.0.nar-unpacked
	org.apache.nifi.processors.standard.ExecuteProcess
		org.apache.nifi.minifi:minifi-standard-nar:0.5.0 || ./work/nar/extensions/minifi-standard-nar-0.5.0.nar-unpacked
	org.apache.nifi.processors.standard.Notify
		org.apache.nifi.minifi:minifi-standard-nar:0.5.0 || ./work/nar/extensions/minifi-standard-nar-0.5.0.nar-unpacked
	org.apache.nifi.processors.standard.ExecuteStreamCommand
		org.apache.nifi.minifi:minifi-standard-nar:0.5.0 || ./work/nar/extensions/minifi-standard-nar-0.5.0.nar-unpacked
	org.apache.nifi.processors.standard.PutSQL
		org.apache.nifi.minifi:minifi-standard-nar:0.5.0 || ./work/nar/extensions/minifi-standard-nar-0.5.0.nar-unpacked
	org.apache.nifi.processors.standard.GetFTP
		org.apache.nifi.minifi:minifi-standard-nar:0.5.0 || ./work/nar/extensions/minifi-standard-nar-0.5.0.nar-unpacked
	org.apache.nifi.processors.standard.ForkRecord
		org.apache.nifi.minifi:minifi-standard-nar:0.5.0 || ./work/nar/extensions/minifi-standard-nar-0.5.0.nar-unpacked
	org.apache.nifi.processors.standard.LookupRecord
		org.apache.nifi.minifi:minifi-standard-nar:0.5.0 || ./work/nar/extensions/minifi-standard-nar-0.5.0.nar-unpacked
	org.apache.nifi.processors.standard.CountText
		org.apache.nifi.minifi:minifi-standard-nar:0.5.0 || ./work/nar/extensions/minifi-standard-nar-0.5.0.nar-unpacked
	org.apache.nifi.processors.standard.PutSFTP
		org.apache.nifi.minifi:minifi-standard-nar:0.5.0 || ./work/nar/extensions/minifi-standard-nar-0.5.0.nar-unpacked
	org.apache.nifi.processors.standard.ExtractGrok
		org.apache.nifi.minifi:minifi-standard-nar:0.5.0 || ./work/nar/extensions/minifi-standard-nar-0.5.0.nar-unpacked
	org.apache.nifi.processors.standard.ListenUDP
		org.apache.nifi.minifi:minifi-standard-nar:0.5.0 || ./work/nar/extensions/minifi-standard-nar-0.5.0.nar-unpacked
	org.apache.nifi.processors.standard.ScanContent
		org.apache.nifi.minifi:minifi-standard-nar:0.5.0 || ./work/nar/extensions/minifi-standard-nar-0.5.0.nar-unpacked
	org.apache.nifi.processors.standard.MergeContent
		org.apache.nifi.minifi:minifi-standard-nar:0.5.0 || ./work/nar/extensions/minifi-standard-nar-0.5.0.nar-unpacked
	org.apache.nifi.processors.standard.PutEmail
		org.apache.nifi.minifi:minifi-standard-nar:0.5.0 || ./work/nar/extensions/minifi-standard-nar-0.5.0.nar-unpacked
	org.apache.nifi.processors.standard.HashAttribute
		org.apache.nifi.minifi:minifi-standard-nar:0.5.0 || ./work/nar/extensions/minifi-standard-nar-0.5.0.nar-unpacked
	org.apache.nifi.processors.standard.ReplaceTextWithMapping
		org.apache.nifi.minifi:minifi-standard-nar:0.5.0 || ./work/nar/extensions/minifi-standard-nar-0.5.0.nar-unpacked
	org.apache.nifi.processors.standard.HandleHttpResponse
		org.apache.nifi.minifi:minifi-standard-nar:0.5.0 || ./work/nar/extensions/minifi-standard-nar-0.5.0.nar-unpacked
	org.apache.nifi.processors.standard.SplitJson
		org.apache.nifi.minifi:minifi-standard-nar:0.5.0 || ./work/nar/extensions/minifi-standard-nar-0.5.0.nar-unpacked
	org.apache.nifi.processors.standard.IdentifyMimeType
		org.apache.nifi.minifi:minifi-standard-nar:0.5.0 || ./work/nar/extensions/minifi-standard-nar-0.5.0.nar-unpacked
	org.apache.nifi.processors.standard.ModifyBytes
		org.apache.nifi.minifi:minifi-standard-nar:0.5.0 || ./work/nar/extensions/minifi-standard-nar-0.5.0.nar-unpacked
	org.apache.nifi.processors.standard.GetSFTP
		org.apache.nifi.minifi:minifi-standard-nar:0.5.0 || ./work/nar/extensions/minifi-standard-nar-0.5.0.nar-unpacked
	org.apache.nifi.processors.standard.UpdateCounter
		org.apache.nifi.minifi:minifi-standard-nar:0.5.0 || ./work/nar/extensions/minifi-standard-nar-0.5.0.nar-unpacked
	org.apache.nifi.processors.groovyx.ExecuteGroovyScript
		org.apache.nifi:nifi-groovyx-nar:1.7.0 || ./work/nar/extensions/nifi-groovyx-nar-1.7.0.nar-unpacked
	org.apache.nifi.processors.attributes.UpdateAttribute
		org.apache.nifi.minifi:minifi-update-attribute-nar:0.5.0 || ./work/nar/extensions/minifi-update-attribute-nar-0.5.0.nar-unpacked
	org.apache.nifi.processors.standard.ListDatabaseTables
		org.apache.nifi.minifi:minifi-standard-nar:0.5.0 || ./work/nar/extensions/minifi-standard-nar-0.5.0.nar-unpacked
	org.apache.nifi.processors.standard.EnforceOrder
		org.apache.nifi.minifi:minifi-standard-nar:0.5.0 || ./work/nar/extensions/minifi-standard-nar-0.5.0.nar-unpacked
	org.apache.nifi.processors.standard.ListFile
		org.apache.nifi.minifi:minifi-standard-nar:0.5.0 || ./work/nar/extensions/minifi-standard-nar-0.5.0.nar-unpacked
	org.apache.nifi.processors.standard.ListenRELP
		org.apache.nifi.minifi:minifi-standard-nar:0.5.0 || ./work/nar/extensions/minifi-standard-nar-0.5.0.nar-unpacked
	org.apache.nifi.processors.standard.ListenSyslog
		org.apache.nifi.minifi:minifi-standard-nar:0.5.0 || ./work/nar/extensions/minifi-standard-nar-0.5.0.nar-unpacked
	org.apache.nifi.processors.standard.DistributeLoad
		org.apache.nifi.minifi:minifi-standard-nar:0.5.0 || ./work/nar/extensions/minifi-standard-nar-0.5.0.nar-unpacked
	org.apache.nifi.processors.standard.HandleHttpRequest
		org.apache.nifi.minifi:minifi-standard-nar:0.5.0 || ./work/nar/extensions/minifi-standard-nar-0.5.0.nar-unpacked
	org.apache.nifi.processors.standard.LogAttribute
		org.apache.nifi.minifi:minifi-standard-nar:0.5.0 || ./work/nar/extensions/minifi-standard-nar-0.5.0.nar-unpacked
	org.apache.nifi.processors.standard.ListSFTP
		org.apache.nifi.minifi:minifi-standard-nar:0.5.0 || ./work/nar/extensions/minifi-standard-nar-0.5.0.nar-unpacked
	org.apache.nifi.processors.standard.DebugFlow
		org.apache.nifi.minifi:minifi-standard-nar:0.5.0 || ./work/nar/extensions/minifi-standard-nar-0.5.0.nar-unpacked
	com.jarvis.processors.edge.MyProcessor
		com.jarvis:nifi-edge-nar:1.0-SNAPSHOT || ./work/nar/extensions/nifi-edge-nar-1.0-SNAPSHOT.nar-unpacked
	org.apache.nifi.processors.standard.ExecuteSQL
		org.apache.nifi.minifi:minifi-standard-nar:0.5.0 || ./work/nar/extensions/minifi-standard-nar-0.5.0.nar-unpacked
	org.apache.nifi.processors.standard.SplitText
		org.apache.nifi.minifi:minifi-standard-nar:0.5.0 || ./work/nar/extensions/minifi-standard-nar-0.5.0.nar-unpacked
	org.apache.nifi.processors.standard.CompressContent
		org.apache.nifi.minifi:minifi-standard-nar:0.5.0 || ./work/nar/extensions/minifi-standard-nar-0.5.0.nar-unpacked
	org.apache.nifi.processors.standard.RouteOnAttribute
		org.apache.nifi.minifi:minifi-standard-nar:0.5.0 || ./work/nar/extensions/minifi-standard-nar-0.5.0.nar-unpacked
	org.apache.nifi.processors.standard.HashContent
		org.apache.nifi.minifi:minifi-standard-nar:0.5.0 || ./work/nar/extensions/minifi-standard-nar-0.5.0.nar-unpacked
	org.apache.nifi.processors.standard.FetchFile
		org.apache.nifi.minifi:minifi-standard-nar:0.5.0 || ./work/nar/extensions/minifi-standard-nar-0.5.0.nar-unpacked
	org.apache.nifi.processors.standard.ParseSyslog
		org.apache.nifi.minifi:minifi-standard-nar:0.5.0 || ./work/nar/extensions/minifi-standard-nar-0.5.0.nar-unpacked
	org.apache.nifi.processors.standard.LookupAttribute
		org.apache.nifi.minifi:minifi-standard-nar:0.5.0 || ./work/nar/extensions/minifi-standard-nar-0.5.0.nar-unpacked
	org.apache.nifi.processors.standard.FetchSFTP
		org.apache.nifi.minifi:minifi-standard-nar:0.5.0 || ./work/nar/extensions/minifi-standard-nar-0.5.0.nar-unpacked
	org.apache.nifi.processors.standard.PutDistributedMapCache
		org.apache.nifi.minifi:minifi-standard-nar:0.5.0 || ./work/nar/extensions/minifi-standard-nar-0.5.0.nar-unpacked
	org.apache.nifi.processors.standard.DuplicateFlowFile
		org.apache.nifi.minifi:minifi-standard-nar:0.5.0 || ./work/nar/extensions/minifi-standard-nar-0.5.0.nar-unpacked
	org.apache.nifi.processors.standard.ListenHTTP
		org.apache.nifi.minifi:minifi-standard-nar:0.5.0 || ./work/nar/extensions/minifi-standard-nar-0.5.0.nar-unpacked
	org.apache.nifi.processors.standard.Base64EncodeContent
		org.apache.nifi.minifi:minifi-standard-nar:0.5.0 || ./work/nar/extensions/minifi-standard-nar-0.5.0.nar-unpacked
	org.apache.nifi.processors.standard.InvokeHTTP
		org.apache.nifi.minifi:minifi-standard-nar:0.5.0 || ./work/nar/extensions/minifi-standard-nar-0.5.0.nar-unpacked
	=== End Processor types ===
	=== FlowFileRepository Type ===
	org.apache.nifi.controller.repository.VolatileFlowFileRepository
		default:system:unversioned || ./lib
	org.apache.nifi.controller.repository.WriteAheadFlowFileRepository
		default:system:unversioned || ./lib
	=== End FlowFileRepository types ===
	=== FlowFilePrioritizer Type ===
	org.apache.nifi.prioritizer.NewestFlowFileFirstPrioritizer
		org.apache.nifi.minifi:minifi-standard-nar:0.5.0 || ./work/nar/extensions/minifi-standard-nar-0.5.0.nar-unpacked
	org.apache.nifi.prioritizer.OldestFlowFileFirstPrioritizer
		org.apache.nifi.minifi:minifi-standard-nar:0.5.0 || ./work/nar/extensions/minifi-standard-nar-0.5.0.nar-unpacked
	org.apache.nifi.prioritizer.FirstInFirstOutPrioritizer
		org.apache.nifi.minifi:minifi-standard-nar:0.5.0 || ./work/nar/extensions/minifi-standard-nar-0.5.0.nar-unpacked
	org.apache.nifi.prioritizer.PriorityAttributePrioritizer
		org.apache.nifi.minifi:minifi-standard-nar:0.5.0 || ./work/nar/extensions/minifi-standard-nar-0.5.0.nar-unpacked
	=== End FlowFilePrioritizer types ===
	=== Authorizer Type ===
	org.apache.nifi.authorization.StandardManagedAuthorizer
		default:system:unversioned || ./lib
	=== End Authorizer types ===
	=== ComponentStatusRepository Type ===
	org.apache.nifi.controller.status.history.VolatileComponentStatusRepository
		default:system:unversioned || ./lib
	=== End ComponentStatusRepository types ===
	=== ReportingTask Type ===
	org.apache.nifi.reporting.SiteToSiteBulletinReportingTask
		org.apache.nifi.minifi:minifi-provenance-reporting-nar:0.5.0 || ./work/nar/extensions/minifi-provenance-reporting-nar-0.5.0.nar-unpacked
	org.apache.nifi.controller.ControllerStatusReportingTask
		org.apache.nifi.minifi:minifi-standard-nar:0.5.0 || ./work/nar/extensions/minifi-standard-nar-0.5.0.nar-unpacked
	org.apache.nifi.reporting.ganglia.StandardGangliaReporter
		org.apache.nifi.minifi:minifi-standard-nar:0.5.0 || ./work/nar/extensions/minifi-standard-nar-0.5.0.nar-unpacked
	org.apache.nifi.reporting.SiteToSiteStatusReportingTask
		org.apache.nifi.minifi:minifi-provenance-reporting-nar:0.5.0 || ./work/nar/extensions/minifi-provenance-reporting-nar-0.5.0.nar-unpacked
	org.apache.nifi.controller.MonitorDiskUsage
		org.apache.nifi.minifi:minifi-standard-nar:0.5.0 || ./work/nar/extensions/minifi-standard-nar-0.5.0.nar-unpacked
	org.apache.nifi.reporting.SiteToSiteMetricsReportingTask
		org.apache.nifi.minifi:minifi-provenance-reporting-nar:0.5.0 || ./work/nar/extensions/minifi-provenance-reporting-nar-0.5.0.nar-unpacked
	org.apache.nifi.reporting.SiteToSiteProvenanceReportingTask
		org.apache.nifi.minifi:minifi-provenance-reporting-nar:0.5.0 || ./work/nar/extensions/minifi-provenance-reporting-nar-0.5.0.nar-unpacked
	org.apache.nifi.controller.MonitorMemory
		org.apache.nifi.minifi:minifi-standard-nar:0.5.0 || ./work/nar/extensions/minifi-standard-nar-0.5.0.nar-unpacked
	=== End ReportingTask types ===
	=== LoginIdentityProvider Type ===
	=== End LoginIdentityProvider types ===
	=== ContentRepository Type ===
	org.apache.nifi.controller.repository.VolatileContentRepository
		default:system:unversioned || ./lib
	org.apache.nifi.controller.repository.FileSystemRepository
		default:system:unversioned || ./lib
	=== End ContentRepository types ===
	=== StateProvider Type ===
	org.apache.nifi.controller.state.providers.local.WriteAheadLocalStateProvider
		default:system:unversioned || ./lib
	org.apache.nifi.controller.state.providers.zookeeper.ZooKeeperStateProvider
		default:system:unversioned || ./lib
	=== End StateProvider types ===
	=== ControllerService Type ===
	org.apache.nifi.csv.CSVReader
		org.apache.nifi:nifi-record-serialization-services-nar:1.7.0 || ./work/nar/extensions/nifi-record-serialization-services-nar-1.7.0.nar-unpacked
	org.apache.nifi.json.JsonTreeReader
		org.apache.nifi:nifi-record-serialization-services-nar:1.7.0 || ./work/nar/extensions/nifi-record-serialization-services-nar-1.7.0.nar-unpacked
	org.apache.nifi.csv.CSVRecordSetWriter
		org.apache.nifi:nifi-record-serialization-services-nar:1.7.0 || ./work/nar/extensions/nifi-record-serialization-services-nar-1.7.0.nar-unpacked
	org.apache.nifi.grok.GrokReader
		org.apache.nifi:nifi-record-serialization-services-nar:1.7.0 || ./work/nar/extensions/nifi-record-serialization-services-nar-1.7.0.nar-unpacked
	org.apache.nifi.avro.AvroReader
		org.apache.nifi:nifi-record-serialization-services-nar:1.7.0 || ./work/nar/extensions/nifi-record-serialization-services-nar-1.7.0.nar-unpacked
	org.apache.nifi.schemaregistry.services.AvroSchemaRegistry
		org.apache.nifi:nifi-registry-nar:1.7.0 || ./work/nar/extensions/nifi-registry-nar-1.7.0.nar-unpacked
	org.apache.nifi.ssl.StandardRestrictedSSLContextService
		org.apache.nifi.minifi:minifi-ssl-context-service-nar:0.5.0 || ./work/nar/extensions/minifi-ssl-context-service-nar-0.5.0.nar-unpacked
	org.apache.nifi.xml.XMLRecordSetWriter
		org.apache.nifi:nifi-record-serialization-services-nar:1.7.0 || ./work/nar/extensions/nifi-record-serialization-services-nar-1.7.0.nar-unpacked
	org.apache.nifi.avro.AvroRecordSetWriter
		org.apache.nifi:nifi-record-serialization-services-nar:1.7.0 || ./work/nar/extensions/nifi-record-serialization-services-nar-1.7.0.nar-unpacked
	org.apache.nifi.json.JsonRecordSetWriter
		org.apache.nifi:nifi-record-serialization-services-nar:1.7.0 || ./work/nar/extensions/nifi-record-serialization-services-nar-1.7.0.nar-unpacked
	org.apache.nifi.ssl.StandardSSLContextService
		org.apache.nifi.minifi:minifi-ssl-context-service-nar:0.5.0 || ./work/nar/extensions/minifi-ssl-context-service-nar-0.5.0.nar-unpacked
	org.apache.nifi.text.FreeFormTextRecordSetWriter
		org.apache.nifi:nifi-record-serialization-services-nar:1.7.0 || ./work/nar/extensions/nifi-record-serialization-services-nar-1.7.0.nar-unpacked
	org.apache.nifi.xml.XMLReader
		org.apache.nifi:nifi-record-serialization-services-nar:1.7.0 || ./work/nar/extensions/nifi-record-serialization-services-nar-1.7.0.nar-unpacked
	org.apache.nifi.json.JsonPathReader
		org.apache.nifi:nifi-record-serialization-services-nar:1.7.0 || ./work/nar/extensions/nifi-record-serialization-services-nar-1.7.0.nar-unpacked
	=== End ControllerService types ===
	=== FlowFileSwapManager Type ===
	org.apache.nifi.controller.FileSystemSwapManager
		default:system:unversioned || ./lib
	=== End FlowFileSwapManager types ===
2020-02-11 11:04:56,074 INFO [main] org.apache.nifi.minifi.MiNiFiServer Loading Flow...
2020-02-11 11:04:56,114 INFO [main] o.a.nifi.util.FileBasedVariableRegistry Loaded 81 properties from system properties and environment variables
2020-02-11 11:04:56,114 INFO [main] o.a.nifi.util.FileBasedVariableRegistry Loaded a total of 81 properties.  Including precedence overrides effective accessible registry key size is 81
2020-02-11 11:04:56,190 INFO [main] o.a.n.c.r.WriteAheadFlowFileRepository Initialized FlowFile Repository using 256 partitions
2020-02-11 11:04:56,216 INFO [main] o.a.n.p.PersistentProvenanceRepository Recovered 0 records
2020-02-11 11:04:56,240 INFO [main] o.a.n.p.PersistentProvenanceRepository Created new Provenance Event Writers for events starting with ID 0
2020-02-11 11:04:56,249 INFO [main] o.a.n.c.repository.FileSystemRepository Initializing FileSystemRepository with 'Always Sync' set to false
2020-02-11 11:04:56,426 INFO [main] org.wali.MinimalLockingWriteAheadLog org.wali.MinimalLockingWriteAheadLog@2aa27288 finished recovering records. Performing Checkpoint to ensure proper state of Partitions before updates
2020-02-11 11:04:56,427 INFO [main] org.wali.MinimalLockingWriteAheadLog Successfully recovered 0 records in 3 milliseconds
2020-02-11 11:04:56,448 INFO [main] org.wali.MinimalLockingWriteAheadLog org.wali.MinimalLockingWriteAheadLog@2aa27288 checkpointed with 0 Records and 0 Swap Files in 21 milliseconds (Stop-the-world time = 4 milliseconds, Clear Edit Logs time = 3 millis), max Transaction ID -1
2020-02-11 11:04:56,521 INFO [main] o.apache.nifi.controller.FlowController Not enabling RAW Socket Site-to-Site functionality because nifi.remote.input.socket.port is not set
2020-02-11 11:04:56,521 INFO [main] o.apache.nifi.controller.FlowController Not enabling HTTP(S) Site-to-Site functionality because the 'nifi.remote.input.http.enabled' property is not true
2020-02-11 11:04:56,542 INFO [main] o.a.n.p.FlowConfigurationArchiveManager None of archive max limitation is specified, fall back to the default configuration, maxTime=30 days, maxStorage=500 MB
2020-02-11 11:04:56,720 WARN [main] o.a.n.c.StandardFlowSynchronizer Schema validation error parsing Flow Configuration at line 16, col 27: cvc-complex-type.2.4.a: Invalid content was found starting with element 'maxConcurrentTasks'. One of '{bundle}' is expected.
2020-02-11 11:04:56,729 WARN [main] o.a.n.c.StandardFlowSynchronizer Schema validation error parsing Flow Configuration at line 78, col 27: cvc-complex-type.2.4.a: Invalid content was found starting with element 'maxConcurrentTasks'. One of '{bundle}' is expected.
2020-02-11 11:04:56,731 WARN [main] o.a.n.c.StandardFlowSynchronizer Schema validation error parsing Flow Configuration at line 125, col 27: cvc-complex-type.2.4.a: Invalid content was found starting with element 'maxConcurrentTasks'. One of '{bundle}' is expected.
2020-02-11 11:04:56,732 WARN [main] o.a.n.c.StandardFlowSynchronizer Schema validation error parsing Flow Configuration at line 181, col 26: cvc-complex-type.2.4.a: Invalid content was found starting with element 'networkInterface'. One of '{inputPort, outputPort}' is expected.
2020-02-11 11:04:56,844 WARN [main] o.a.nifi.fingerprint.FingerprintFactory Schema validation error parsing Flow Configuration at line 16, col 27: cvc-complex-type.2.4.a: Invalid content was found starting with element 'maxConcurrentTasks'. One of '{bundle}' is expected.
2020-02-11 11:04:56,854 WARN [main] o.a.nifi.fingerprint.FingerprintFactory Schema validation error parsing Flow Configuration at line 78, col 27: cvc-complex-type.2.4.a: Invalid content was found starting with element 'maxConcurrentTasks'. One of '{bundle}' is expected.
2020-02-11 11:04:56,855 WARN [main] o.a.nifi.fingerprint.FingerprintFactory Schema validation error parsing Flow Configuration at line 125, col 27: cvc-complex-type.2.4.a: Invalid content was found starting with element 'maxConcurrentTasks'. One of '{bundle}' is expected.
2020-02-11 11:04:56,857 WARN [main] o.a.nifi.fingerprint.FingerprintFactory Schema validation error parsing Flow Configuration at line 181, col 26: cvc-complex-type.2.4.a: Invalid content was found starting with element 'networkInterface'. One of '{inputPort, outputPort}' is expected.
2020-02-11 11:04:56,882 WARN [main] o.a.nifi.fingerprint.FingerprintFactory Schema validation error parsing Flow Configuration at line 16, col 27: cvc-complex-type.2.4.a: Invalid content was found starting with element 'maxConcurrentTasks'. One of '{bundle}' is expected.
2020-02-11 11:04:56,883 WARN [main] o.a.nifi.fingerprint.FingerprintFactory Schema validation error parsing Flow Configuration at line 78, col 27: cvc-complex-type.2.4.a: Invalid content was found starting with element 'maxConcurrentTasks'. One of '{bundle}' is expected.
2020-02-11 11:04:56,894 WARN [main] o.a.nifi.fingerprint.FingerprintFactory Schema validation error parsing Flow Configuration at line 125, col 27: cvc-complex-type.2.4.a: Invalid content was found starting with element 'maxConcurrentTasks'. One of '{bundle}' is expected.
2020-02-11 11:04:56,895 WARN [main] o.a.nifi.fingerprint.FingerprintFactory Schema validation error parsing Flow Configuration at line 181, col 26: cvc-complex-type.2.4.a: Invalid content was found starting with element 'networkInterface'. One of '{inputPort, outputPort}' is expected.
2020-02-11 11:04:56,938 WARN [main] o.a.n.c.StandardFlowSynchronizer Schema validation error parsing Flow Configuration at line 16, col 27: cvc-complex-type.2.4.a: Invalid content was found starting with element 'maxConcurrentTasks'. One of '{bundle}' is expected.
2020-02-11 11:04:56,951 WARN [main] o.a.n.c.StandardFlowSynchronizer Schema validation error parsing Flow Configuration at line 78, col 27: cvc-complex-type.2.4.a: Invalid content was found starting with element 'maxConcurrentTasks'. One of '{bundle}' is expected.
2020-02-11 11:04:56,952 WARN [main] o.a.n.c.StandardFlowSynchronizer Schema validation error parsing Flow Configuration at line 125, col 27: cvc-complex-type.2.4.a: Invalid content was found starting with element 'maxConcurrentTasks'. One of '{bundle}' is expected.
2020-02-11 11:04:56,953 WARN [main] o.a.n.c.StandardFlowSynchronizer Schema validation error parsing Flow Configuration at line 181, col 26: cvc-complex-type.2.4.a: Invalid content was found starting with element 'networkInterface'. One of '{inputPort, outputPort}' is expected.
2020-02-11 11:04:57,427 WARN [main] o.a.n.c.StandardFlowSynchronizer Schema validation error parsing Flow Configuration at line 16, col 27: cvc-complex-type.2.4.a: Invalid content was found starting with element 'maxConcurrentTasks'. One of '{bundle}' is expected.
2020-02-11 11:04:57,428 WARN [main] o.a.n.c.StandardFlowSynchronizer Schema validation error parsing Flow Configuration at line 78, col 27: cvc-complex-type.2.4.a: Invalid content was found starting with element 'maxConcurrentTasks'. One of '{bundle}' is expected.
2020-02-11 11:04:57,429 WARN [main] o.a.n.c.StandardFlowSynchronizer Schema validation error parsing Flow Configuration at line 125, col 27: cvc-complex-type.2.4.a: Invalid content was found starting with element 'maxConcurrentTasks'. One of '{bundle}' is expected.
2020-02-11 11:04:57,445 WARN [main] o.a.n.c.StandardFlowSynchronizer Schema validation error parsing Flow Configuration at line 181, col 26: cvc-complex-type.2.4.a: Invalid content was found starting with element 'networkInterface'. One of '{inputPort, outputPort}' is expected.
2020-02-11 11:04:57,467 INFO [main] o.apache.nifi.controller.FlowController Successfully synchronized controller with proposed flow
2020-02-11 11:04:57,522 WARN [main] o.a.n.c.StandardFlowSynchronizer Schema validation error parsing Flow Configuration at line 16, col 27: cvc-complex-type.2.4.a: Invalid content was found starting with element 'maxConcurrentTasks'. One of '{bundle}' is expected.
2020-02-11 11:04:57,523 WARN [main] o.a.n.c.StandardFlowSynchronizer Schema validation error parsing Flow Configuration at line 78, col 27: cvc-complex-type.2.4.a: Invalid content was found starting with element 'maxConcurrentTasks'. One of '{bundle}' is expected.
2020-02-11 11:04:57,523 WARN [main] o.a.n.c.StandardFlowSynchronizer Schema validation error parsing Flow Configuration at line 125, col 27: cvc-complex-type.2.4.a: Invalid content was found starting with element 'maxConcurrentTasks'. One of '{bundle}' is expected.
2020-02-11 11:04:57,524 WARN [main] o.a.n.c.StandardFlowSynchronizer Schema validation error parsing Flow Configuration at line 181, col 26: cvc-complex-type.2.4.a: Invalid content was found starting with element 'networkInterface'. One of '{inputPort, outputPort}' is expected.
2020-02-11 11:04:57,540 INFO [main] o.a.n.wali.SequentialAccessWriteAheadLog Recovering records from Write-Ahead Log at ./flowfile_repository
2020-02-11 11:04:57,541 INFO [main] o.a.n.wali.SequentialAccessWriteAheadLog No Snapshot File to recover from at ./flowfile_repository. Now recovering records from 0 journal files
2020-02-11 11:04:57,546 INFO [main] o.a.n.wali.SequentialAccessWriteAheadLog Successfully recovered 0 records in 5 milliseconds. Now checkpointing to ensure that Write-Ahead Log is in a consistent state
2020-02-11 11:04:57,587 INFO [main] o.a.n.wali.SequentialAccessWriteAheadLog Checkpointed Write-Ahead Log with 0 Records and 0 Swap Files in 40 milliseconds (Stop-the-world time = 22 milliseconds), max Transaction ID -1
2020-02-11 11:04:57,588 INFO [main] o.a.n.c.r.WriteAheadFlowFileRepository Successfully restored 0 FlowFiles
2020-02-11 11:04:57,865 INFO [main] o.apache.nifi.controller.FlowController Performed initial validation of all components in 16 milliseconds
2020-02-11 11:04:57,867 INFO [main] o.apache.nifi.controller.FlowController Starting 4 processors/ports/funnels
2020-02-11 11:04:57,877 INFO [main] o.a.n.c.s.StandardProcessScheduler Starting GetFile[id=a817ad5e-3b57-3b23-0000-000000000000]
2020-02-11 11:04:57,907 INFO [main] o.a.n.c.s.StandardProcessScheduler Starting UpdateAttribute[id=36edb56c-214d-3ea4-0000-000000000000]
2020-02-11 11:04:57,907 INFO [main] o.a.n.c.s.StandardProcessScheduler Starting UpdateAttribute[id=a102dfe7-9923-3995-0000-000000000000]
2020-02-11 11:04:57,952 INFO [Monitor Processor Lifecycle Thread-2] o.a.n.c.s.TimerDrivenSchedulingAgent Scheduled UpdateAttribute[id=36edb56c-214d-3ea4-0000-000000000000] to run with 1 threads
2020-02-11 11:04:57,954 INFO [Monitor Processor Lifecycle Thread-1] o.a.n.c.s.TimerDrivenSchedulingAgent Scheduled GetFile[id=a817ad5e-3b57-3b23-0000-000000000000] to run with 1 threads
2020-02-11 11:04:57,962 INFO [main] o.a.n.c.s.TimerDrivenSchedulingAgent Scheduled RemoteGroupPort[name=From MiNiFi,targets=http://172.31.30.86:8080/nifi] to run with 1 threads
2020-02-11 11:04:57,962 INFO [main] o.apache.nifi.controller.FlowController Started 1 Remote Group Ports transmitting
2020-02-11 11:04:57,985 INFO [main] org.apache.nifi.minifi.MiNiFiServer Flow loaded successfully.
2020-02-11 11:04:57,994 INFO [main] org.apache.nifi.BootstrapListener Successfully initiated communication with Bootstrap
2020-02-11 11:04:57,994 INFO [main] org.apache.nifi.minifi.MiNiFi Controller initialization took 1919484419 nanoseconds.
2020-02-11 11:04:58,006 INFO [Monitor Processor Lifecycle Thread-2] o.a.n.c.s.TimerDrivenSchedulingAgent Scheduled UpdateAttribute[id=a102dfe7-9923-3995-0000-000000000000] to run with 1 threads
2020-02-11 11:04:58,195 INFO [Timer-Driven Process Thread-9] o.apache.nifi.remote.client.PeerSelector New Weighted Distribution of Nodes:
PeerStatus[hostname=172.31.4.153,port=1026,secure=false,flowFileCount=1] will receive 100.0% of data
2020-02-11 11:05:15,238 INFO [pool-2-thread-2] org.apache.nifi.BootstrapListener Received SHUTDOWN request from Bootstrap
2020-02-11 11:05:15,238 INFO [pool-2-thread-2] org.apache.nifi.minifi.MiNiFi Initiating shutdown of MiNiFi server...
2020-02-11 11:05:15,246 INFO [pool-2-thread-2] o.a.n.c.s.StandardProcessScheduler Stopping UpdateAttribute[id=36edb56c-214d-3ea4-0000-000000000000]
2020-02-11 11:05:15,247 INFO [pool-2-thread-2] o.a.n.controller.StandardProcessorNode Stopping processor: class org.apache.nifi.processors.attributes.UpdateAttribute
2020-02-11 11:05:15,249 INFO [Timer-Driven Process Thread-6] o.a.n.c.s.TimerDrivenSchedulingAgent Stopped scheduling UpdateAttribute[id=36edb56c-214d-3ea4-0000-000000000000] to run
2020-02-11 11:05:15,251 INFO [pool-2-thread-2] o.a.n.c.s.StandardProcessScheduler Stopping GetFile[id=a817ad5e-3b57-3b23-0000-000000000000]
2020-02-11 11:05:15,252 INFO [pool-2-thread-2] o.a.n.controller.StandardProcessorNode Stopping processor: class org.apache.nifi.processors.standard.GetFile
2020-02-11 11:05:15,252 INFO [Timer-Driven Process Thread-8] o.a.n.c.s.TimerDrivenSchedulingAgent Stopped scheduling GetFile[id=a817ad5e-3b57-3b23-0000-000000000000] to run
2020-02-11 11:05:15,254 INFO [pool-2-thread-2] o.a.n.c.s.StandardProcessScheduler Stopping UpdateAttribute[id=a102dfe7-9923-3995-0000-000000000000]
2020-02-11 11:05:15,254 INFO [pool-2-thread-2] o.a.n.controller.StandardProcessorNode Stopping processor: class org.apache.nifi.processors.attributes.UpdateAttribute
2020-02-11 11:05:15,255 INFO [Timer-Driven Process Thread-3] o.a.n.c.s.TimerDrivenSchedulingAgent Stopped scheduling UpdateAttribute[id=a102dfe7-9923-3995-0000-000000000000] to run
2020-02-11 11:05:15,260 INFO [pool-2-thread-2] o.apache.nifi.controller.FlowController Initiated graceful shutdown of flow controller...waiting up to 10 seconds
2020-02-11 11:05:20,275 WARN [pool-2-thread-2] o.apache.nifi.controller.FlowController Controller hasn't terminated properly.  There exists an uninterruptable thread that will take an indeterminate amount of time to stop.  Might need to kill the program manually.
2020-02-11 11:05:20,280 INFO [pool-2-thread-2] org.apache.nifi.BootstrapListener Successfully initiated communication with Bootstrap
2020-02-11 11:05:20,280 INFO [pool-2-thread-2] org.apache.nifi.minifi.MiNiFi MiNiFi server shutdown completed (nicely or otherwise).
2020-02-11 11:05:28,235 ERROR [Timer-Driven Process Thread-9] o.a.nifi.remote.StandardRemoteGroupPort RemoteGroupPort[name=From MiNiFi,targets=http://172.31.30.86:8080/nifi] failed to communicate with http://172.31.30.86:8080/nifi due to java.net.SocketTimeoutException
2020-02-11 11:05:28,241 INFO [Thread-1] org.apache.nifi.minifi.MiNiFi Initiating shutdown of MiNiFi server...
2020-02-11 11:05:28,241 ERROR [Thread-1] org.apache.nifi.BootstrapListener Failed to communicate with Bootstrap. Bootstrap may be unable to issue or receive commands from MiNiFi
2020-02-11 11:05:28,242 INFO [Thread-1] org.apache.nifi.minifi.MiNiFi MiNiFi server shutdown completed (nicely or otherwise).
