2020-02-10 10:09:01,257 INFO [main] o.a.n.b.NotificationServiceManager Successfully loaded the following 0 services: []
2020-02-10 10:09:01,261 INFO [main] org.apache.nifi.bootstrap.RunNiFi Registered no Notification Services for Notification Type NIFI_STARTED
2020-02-10 10:09:01,262 INFO [main] org.apache.nifi.bootstrap.RunNiFi Registered no Notification Services for Notification Type NIFI_STOPPED
2020-02-10 10:09:01,262 INFO [main] org.apache.nifi.bootstrap.RunNiFi Registered no Notification Services for Notification Type NIFI_DIED
2020-02-10 10:09:01,281 INFO [main] org.apache.nifi.bootstrap.Command Starting Apache NiFi...
2020-02-10 10:09:01,282 INFO [main] org.apache.nifi.bootstrap.Command Working Directory: /home/ubuntu/jarvis-nifi
2020-02-10 10:09:01,282 INFO [main] org.apache.nifi.bootstrap.Command Command: /usr/lib/jvm/java-8-openjdk-amd64/bin/java -classpath /home/ubuntu/jarvis-nifi/./conf:/home/ubuntu/jarvis-nifi/./lib/jul-to-slf4j-1.7.25.jar:/home/ubuntu/jarvis-nifi/./lib/nifi-api-1.7.0.jar:/home/ubuntu/jarvis-nifi/./lib/nifi-properties-1.7.0.jar:/home/ubuntu/jarvis-nifi/./lib/javax.servlet-api-3.1.0.jar:/home/ubuntu/jarvis-nifi/./lib/nifi-nar-utils-1.7.0.jar:/home/ubuntu/jarvis-nifi/./lib/jetty-schemas-3.1.jar:/home/ubuntu/jarvis-nifi/./lib/jcl-over-slf4j-1.7.25.jar:/home/ubuntu/jarvis-nifi/./lib/nifi-framework-api-1.7.0.jar:/home/ubuntu/jarvis-nifi/./lib/log4j-over-slf4j-1.7.25.jar:/home/ubuntu/jarvis-nifi/./lib/logback-core-1.2.3.jar:/home/ubuntu/jarvis-nifi/./lib/nifi-runtime-1.7.0.jar:/home/ubuntu/jarvis-nifi/./lib/slf4j-api-1.7.25.jar:/home/ubuntu/jarvis-nifi/./lib/logback-classic-1.2.3.jar -Dorg.apache.jasper.compiler.disablejsr199=true -Xmx2g -Xms2g -Djavax.security.auth.useSubjectCredsOnly=true -Djava.security.egd=file:/dev/urandom -Dsun.net.http.allowRestrictedHeaders=true -Djava.net.preferIPv4Stack=true -Djava.awt.headless=true -XX:+UseG1GC -Djava.protocol.handler.pkgs=sun.net.www.protocol -Dnifi.properties.file.path=/home/ubuntu/jarvis-nifi/./conf/nifi.properties -Dnifi.bootstrap.listen.port=44255 -Dapp=NiFi -Dorg.apache.nifi.bootstrap.config.log.dir=/home/ubuntu/jarvis-nifi/logs org.apache.nifi.NiFi 
2020-02-10 10:09:01,324 INFO [main] org.apache.nifi.bootstrap.Command Launched Apache NiFi with Process ID 1851
2020-02-10 10:09:02,071 INFO [NiFi Bootstrap Command Listener] org.apache.nifi.bootstrap.RunNiFi Apache NiFi now running and listening for Bootstrap requests on port 33227
2020-02-10 10:10:06,211 INFO [main] o.a.n.b.NotificationServiceManager Successfully loaded the following 0 services: []
2020-02-10 10:10:06,214 INFO [main] org.apache.nifi.bootstrap.RunNiFi Registered no Notification Services for Notification Type NIFI_STARTED
2020-02-10 10:10:06,214 INFO [main] org.apache.nifi.bootstrap.RunNiFi Registered no Notification Services for Notification Type NIFI_STOPPED
2020-02-10 10:10:06,214 INFO [main] org.apache.nifi.bootstrap.RunNiFi Registered no Notification Services for Notification Type NIFI_DIED
2020-02-10 10:10:06,225 INFO [main] org.apache.nifi.bootstrap.Command Apache NiFi is currently running, listening to Bootstrap on port 33227, PID=1851
2020-02-10 10:11:19,872 INFO [main] o.a.n.b.NotificationServiceManager Successfully loaded the following 0 services: []
2020-02-10 10:11:19,875 INFO [main] org.apache.nifi.bootstrap.RunNiFi Registered no Notification Services for Notification Type NIFI_STARTED
2020-02-10 10:11:19,875 INFO [main] org.apache.nifi.bootstrap.RunNiFi Registered no Notification Services for Notification Type NIFI_STOPPED
2020-02-10 10:11:19,875 INFO [main] org.apache.nifi.bootstrap.RunNiFi Registered no Notification Services for Notification Type NIFI_DIED
2020-02-10 10:11:25,384 INFO [main] org.apache.nifi.bootstrap.Command Apache NiFi has accepted the Shutdown Command and is shutting down now
2020-02-10 10:11:25,399 INFO [main] org.apache.nifi.bootstrap.Command Waiting for Apache NiFi to finish shutting down...
2020-02-10 10:11:27,405 INFO [main] org.apache.nifi.bootstrap.Command Waiting for Apache NiFi to finish shutting down...
2020-02-10 10:11:29,411 INFO [main] org.apache.nifi.bootstrap.Command Waiting for Apache NiFi to finish shutting down...
2020-02-10 10:11:31,417 INFO [main] org.apache.nifi.bootstrap.Command Waiting for Apache NiFi to finish shutting down...
2020-02-10 10:11:33,423 INFO [main] org.apache.nifi.bootstrap.Command Waiting for Apache NiFi to finish shutting down...
2020-02-10 10:11:35,429 INFO [main] org.apache.nifi.bootstrap.Command Waiting for Apache NiFi to finish shutting down...
2020-02-10 10:11:37,436 INFO [main] org.apache.nifi.bootstrap.Command Waiting for Apache NiFi to finish shutting down...
2020-02-10 10:11:39,441 INFO [main] org.apache.nifi.bootstrap.Command Waiting for Apache NiFi to finish shutting down...
2020-02-10 10:11:41,447 INFO [main] org.apache.nifi.bootstrap.Command Waiting for Apache NiFi to finish shutting down...
2020-02-10 10:11:43,453 INFO [main] org.apache.nifi.bootstrap.Command Waiting for Apache NiFi to finish shutting down...
2020-02-10 10:11:44,365 INFO [main] org.apache.nifi.bootstrap.RunNiFi A shutdown was initiated. Will not restart NiFi
2020-02-10 10:11:45,459 INFO [main] org.apache.nifi.bootstrap.Command NiFi has finished shutting down.
