2020-05-26 15:00:01,043 INFO [main] o.e.j.a.AnnotationConfiguration Scanning elapsed time=1171ms
2020-05-26 15:00:01,154 INFO [main] org.eclipse.jetty.server.session DefaultSessionIdManager workerName=node0
2020-05-26 15:00:01,154 INFO [main] org.eclipse.jetty.server.session No SessionScavenger set, using defaults
2020-05-26 15:00:01,156 INFO [main] org.eclipse.jetty.server.session Scavenging every 600000ms
2020-05-26 15:00:01,193 INFO [main] o.e.jetty.server.handler.ContextHandler Started o.e.j.w.WebAppContext@3f033664{/nifi-jolt-transform-json-ui-1.7.0,file:///home/ubuntu/jarvis-nifi/work/jetty/nifi-jolt-transform-json-ui-1.7.0.war/webapp/,AVAILABLE}{./work/nar/extensions/nifi-standard-nar-1.7.0.nar-unpacked/META-INF/bundled-dependencies/nifi-jolt-transform-json-ui-1.7.0.war}
2020-05-26 15:00:01,938 INFO [main] o.e.j.a.AnnotationConfiguration Scanning elapsed time=651ms
2020-05-26 15:00:01,977 INFO [main] o.e.jetty.server.handler.ContextHandler Started o.e.j.w.WebAppContext@349aeec4{/nifi-standard-content-viewer-1.7.0,file:///home/ubuntu/jarvis-nifi/work/jetty/nifi-standard-content-viewer-1.7.0.war/webapp/,AVAILABLE}{./work/nar/extensions/nifi-standard-nar-1.7.0.nar-unpacked/META-INF/bundled-dependencies/nifi-standard-content-viewer-1.7.0.war}
2020-05-26 15:00:02,014 INFO [main] o.e.j.a.AnnotationConfiguration Scanning elapsed time=24ms
2020-05-26 15:00:02,045 INFO [main] o.e.jetty.server.handler.ContextHandler Started o.e.j.w.WebAppContext@21c5c68a{/nifi-image-viewer-1.7.0,file:///home/ubuntu/jarvis-nifi/work/jetty/nifi-image-viewer-1.7.0.war/webapp/,AVAILABLE}{./work/nar/extensions/nifi-media-nar-1.7.0.nar-unpacked/META-INF/bundled-dependencies/nifi-image-viewer-1.7.0.war}
2020-05-26 15:00:03,528 INFO [main] o.e.j.a.AnnotationConfiguration Scanning elapsed time=1303ms
2020-05-26 15:00:03,561 INFO [main] o.e.jetty.server.handler.ContextHandler Started o.e.j.w.WebAppContext@180cc0df{/nifi-update-attribute-ui-1.7.0,file:///home/ubuntu/jarvis-nifi/work/jetty/nifi-update-attribute-ui-1.7.0.war/webapp/,AVAILABLE}{./work/nar/extensions/nifi-update-attribute-nar-1.7.0.nar-unpacked/META-INF/bundled-dependencies/nifi-update-attribute-ui-1.7.0.war}
2020-05-26 15:00:03,723 INFO [main] o.e.j.a.AnnotationConfiguration Scanning elapsed time=41ms
2020-05-26 15:00:03,732 INFO [main] org.eclipse.jetty.ContextHandler./nifi No Spring WebApplicationInitializer types detected on classpath
2020-05-26 15:00:03,769 INFO [main] o.e.jetty.server.handler.ContextHandler Started o.e.j.w.WebAppContext@7b9d1a4{/nifi,file:///home/ubuntu/jarvis-nifi/work/jetty/nifi-web-ui-1.7.0.war/webapp/,AVAILABLE}{./work/nar/framework/nifi-framework-nar-1.7.0.nar-unpacked/META-INF/bundled-dependencies/nifi-web-ui-1.7.0.war}
2020-05-26 15:00:03,873 INFO [main] o.e.j.a.AnnotationConfiguration Scanning elapsed time=55ms
2020-05-26 15:00:03,888 INFO [main] o.eclipse.jetty.ContextHandler./nifi-api No Spring WebApplicationInitializer types detected on classpath
2020-05-26 15:00:03,922 INFO [main] o.eclipse.jetty.ContextHandler./nifi-api Initializing Spring root WebApplicationContext
2020-05-26 15:00:05,991 INFO [main] o.a.nifi.properties.NiFiPropertiesLoader Determined default nifi.properties path to be '/home/ubuntu/jarvis-nifi/./conf/nifi.properties'
2020-05-26 15:00:05,993 INFO [main] o.a.nifi.properties.NiFiPropertiesLoader Determined default nifi.properties path to be '/home/ubuntu/jarvis-nifi/./conf/nifi.properties'
2020-05-26 15:00:05,994 INFO [main] o.a.nifi.properties.NiFiPropertiesLoader Loaded 150 properties from /home/ubuntu/jarvis-nifi/./conf/nifi.properties
2020-05-26 15:00:07,390 INFO [main] o.a.n.r.v.FileBasedVariableRegistry Loaded 87 properties from system properties and environment variables
2020-05-26 15:00:07,391 INFO [main] o.a.n.r.v.FileBasedVariableRegistry Loaded a total of 87 properties.  Including precedence overrides effective accessible registry key size is 87
2020-05-26 15:00:07,428 INFO [main] o.a.n.c.r.WriteAheadFlowFileRepository Initialized FlowFile Repository using 256 partitions
2020-05-26 15:00:07,445 INFO [main] o.a.n.p.PersistentProvenanceRepository Recovered 0 records
2020-05-26 15:00:07,459 INFO [main] o.a.n.p.PersistentProvenanceRepository Created new Provenance Event Writers for events starting with ID 0
2020-05-26 15:00:07,463 INFO [main] o.a.n.c.repository.FileSystemRepository Maximum Threshold for Container default set to 6459772600 bytes; if volume exceeds this size, archived data will be deleted until it no longer exceeds this size
2020-05-26 15:00:07,464 INFO [main] o.a.n.c.repository.FileSystemRepository Initializing FileSystemRepository with 'Always Sync' set to false
2020-05-26 15:00:07,535 INFO [main] org.wali.MinimalLockingWriteAheadLog org.wali.MinimalLockingWriteAheadLog@130ad58d finished recovering records. Performing Checkpoint to ensure proper state of Partitions before updates
2020-05-26 15:00:07,535 INFO [main] org.wali.MinimalLockingWriteAheadLog Successfully recovered 0 records in 1 milliseconds
2020-05-26 15:00:07,553 INFO [main] org.wali.MinimalLockingWriteAheadLog org.wali.MinimalLockingWriteAheadLog@130ad58d checkpointed with 0 Records and 0 Swap Files in 17 milliseconds (Stop-the-world time = 1 milliseconds, Clear Edit Logs time = 1 millis), max Transaction ID -1
2020-05-26 15:00:07,643 INFO [main] o.a.n.w.c.ApplicationStartupContextListener Starting Flow Controller...
2020-05-26 15:00:11,507 INFO [main] o.a.n.c.s.StandardControllerServiceProvider Created Controller Service of type org.apache.nifi.csv.CSVReader with identifier bfc834b2-016c-1000-cd98-859a470feb8a
2020-05-26 15:00:11,519 INFO [main] o.a.nifi.groups.StandardProcessGroup CSVReader[id=bfc834b2-016c-1000-cd98-859a470feb8a] added to StandardProcessGroup[identifier=bc166c39-016c-1000-bf68-45a4a5882660]
2020-05-26 15:00:11,529 INFO [main] o.a.n.c.s.StandardControllerServiceProvider Created Controller Service of type org.apache.nifi.csv.CSVRecordSetWriter with identifier 016d1009-d2c5-163a-00c6-135a71d2f93a
2020-05-26 15:00:11,529 INFO [main] o.a.nifi.groups.StandardProcessGroup CSVRecordSetWriter[id=016d1009-d2c5-163a-00c6-135a71d2f93a] added to StandardProcessGroup[identifier=bc166c39-016c-1000-bf68-45a4a5882660]
2020-05-26 15:00:11,531 INFO [main] o.a.n.c.s.StandardControllerServiceProvider Created Controller Service of type org.apache.nifi.text.FreeFormTextRecordSetWriter with identifier 96e818ab-1001-116d-2733-412b938160e5
2020-05-26 15:00:11,532 INFO [main] o.a.nifi.groups.StandardProcessGroup FreeFormTextRecordSetWriter[id=96e818ab-1001-116d-2733-412b938160e5] added to StandardProcessGroup[identifier=bc166c39-016c-1000-bf68-45a4a5882660]
2020-05-26 15:00:11,533 INFO [main] o.a.n.c.s.StandardControllerServiceProvider Created Controller Service of type org.apache.nifi.avro.AvroRecordSetWriter with identifier 96e818ad-1001-116d-db9f-973a93e6d946
2020-05-26 15:00:11,533 INFO [main] o.a.nifi.groups.StandardProcessGroup AvroRecordSetWriter[id=96e818ad-1001-116d-db9f-973a93e6d946] added to StandardProcessGroup[identifier=bc166c39-016c-1000-bf68-45a4a5882660]
2020-05-26 15:00:11,535 INFO [main] o.a.n.c.s.StandardControllerServiceProvider Created Controller Service of type org.apache.nifi.json.JsonRecordSetWriter with identifier bfc8c31f-016c-1000-2a73-e1f3f5be37f0
2020-05-26 15:00:11,536 INFO [main] o.a.nifi.groups.StandardProcessGroup JsonRecordSetWriter[id=bfc8c31f-016c-1000-2a73-e1f3f5be37f0] added to StandardProcessGroup[identifier=bc166c39-016c-1000-bf68-45a4a5882660]
2020-05-26 15:00:11,538 INFO [main] o.a.n.c.s.StandardControllerServiceProvider Created Controller Service of type org.apache.nifi.schemaregistry.services.AvroSchemaRegistry with identifier bfcc6360-016c-1000-438e-985ad75909b2
2020-05-26 15:00:11,538 INFO [main] o.a.nifi.groups.StandardProcessGroup AvroSchemaRegistry[id=bfcc6360-016c-1000-438e-985ad75909b2] added to StandardProcessGroup[identifier=bc166c39-016c-1000-bf68-45a4a5882660]
2020-05-26 15:00:11,540 INFO [main] o.a.n.c.s.StandardControllerServiceProvider Created Controller Service of type org.apache.nifi.csv.CSVRecordSetWriter with identifier 105f9fda-016f-1000-2c51-f2d182c36b2f
2020-05-26 15:00:11,540 INFO [main] o.a.nifi.groups.StandardProcessGroup CSVRecordSetWriter[id=105f9fda-016f-1000-2c51-f2d182c36b2f] added to StandardProcessGroup[identifier=bc166c39-016c-1000-bf68-45a4a5882660]
2020-05-26 15:00:11,808 INFO [main] o.a.n.c.s.StandardProcessScheduler Enabling AvroSchemaRegistry[id=bfcc6360-016c-1000-438e-985ad75909b2]
2020-05-26 15:00:11,823 INFO [main] o.a.n.c.s.StandardProcessScheduler Enabling CSVReader[id=bfc834b2-016c-1000-cd98-859a470feb8a]
2020-05-26 15:00:11,848 INFO [main] o.a.n.c.s.StandardProcessScheduler Enabling CSVRecordSetWriter[id=016d1009-d2c5-163a-00c6-135a71d2f93a]
2020-05-26 15:00:11,851 INFO [main] o.a.n.c.s.StandardProcessScheduler Enabling FreeFormTextRecordSetWriter[id=96e818ab-1001-116d-2733-412b938160e5]
2020-05-26 15:00:11,852 INFO [main] o.a.n.c.s.StandardProcessScheduler Enabling AvroRecordSetWriter[id=96e818ad-1001-116d-db9f-973a93e6d946]
2020-05-26 15:00:11,855 INFO [main] o.a.n.c.s.StandardProcessScheduler Enabling JsonRecordSetWriter[id=bfc8c31f-016c-1000-2a73-e1f3f5be37f0]
2020-05-26 15:00:11,858 INFO [main] o.a.n.c.s.StandardProcessScheduler Enabling CSVRecordSetWriter[id=105f9fda-016f-1000-2c51-f2d182c36b2f]
2020-05-26 15:00:12,337 INFO [main] com.jarvis.processors.cloud.MyProcessor null [ATUL INFO] [Atul] Queue threshold config is 15000000
2020-05-26 15:00:12,362 INFO [main] o.a.n.c.s.StandardControllerServiceProvider Created Controller Service of type org.apache.nifi.schemaregistry.services.AvroSchemaRegistry with identifier bc1d2e68-016c-1000-5745-aa54889e2d7f
2020-05-26 15:00:12,363 INFO [main] o.a.nifi.groups.StandardProcessGroup AvroSchemaRegistry[id=bc1d2e68-016c-1000-5745-aa54889e2d7f] added to StandardProcessGroup[identifier=bc1a0b3f-016c-1000-4adf-52a119d1933a]
2020-05-26 15:00:12,364 INFO [main] o.a.n.c.s.StandardControllerServiceProvider Created Controller Service of type org.apache.nifi.csv.CSVReader with identifier bc1b3c7f-016c-1000-ce5f-1368608aa46b
2020-05-26 15:00:12,365 INFO [main] o.a.nifi.groups.StandardProcessGroup CSVReader[id=bc1b3c7f-016c-1000-ce5f-1368608aa46b] added to StandardProcessGroup[identifier=bc1a0b3f-016c-1000-4adf-52a119d1933a]
2020-05-26 15:00:12,366 INFO [main] o.a.n.c.s.StandardControllerServiceProvider Created Controller Service of type org.apache.nifi.json.JsonRecordSetWriter with identifier bc1b5e6d-016c-1000-a5e5-e97e83d4fc85
2020-05-26 15:00:12,366 INFO [main] o.a.nifi.groups.StandardProcessGroup JsonRecordSetWriter[id=bc1b5e6d-016c-1000-a5e5-e97e83d4fc85] added to StandardProcessGroup[identifier=bc1a0b3f-016c-1000-4adf-52a119d1933a]
2020-05-26 15:00:12,368 INFO [main] o.a.n.c.s.StandardControllerServiceProvider Created Controller Service of type org.apache.nifi.csv.CSVRecordSetWriter with identifier bfbe09cd-016c-1000-d396-b2b8c1fce4b1
2020-05-26 15:00:12,368 INFO [main] o.a.nifi.groups.StandardProcessGroup CSVRecordSetWriter[id=bfbe09cd-016c-1000-d396-b2b8c1fce4b1] added to StandardProcessGroup[identifier=bc1a0b3f-016c-1000-4adf-52a119d1933a]
2020-05-26 15:00:12,373 INFO [main] o.a.n.c.s.StandardProcessScheduler Enabling AvroSchemaRegistry[id=bc1d2e68-016c-1000-5745-aa54889e2d7f]
2020-05-26 15:00:12,379 INFO [main] o.a.n.c.s.StandardProcessScheduler Enabling CSVReader[id=bc1b3c7f-016c-1000-ce5f-1368608aa46b]
2020-05-26 15:00:12,382 INFO [main] o.a.n.c.s.StandardProcessScheduler Enabling JsonRecordSetWriter[id=bc1b5e6d-016c-1000-a5e5-e97e83d4fc85]
2020-05-26 15:00:12,383 INFO [main] o.a.n.c.s.StandardProcessScheduler Enabling CSVRecordSetWriter[id=bfbe09cd-016c-1000-d396-b2b8c1fce4b1]
2020-05-26 15:00:13,032 INFO [main] com.jarvis.processors.edge.MyProcessor null [ATUL INFO] [Atul] Queue threshold config is 15000000
2020-05-26 15:00:13,336 INFO [main] o.a.nifi.groups.StandardProcessGroup Template[id=a40b86c4-7e51-4b64-8faa-87724406ac19] added to StandardProcessGroup[identifier=bc1a0b3f-016c-1000-4adf-52a119d1933a]
2020-05-26 15:00:13,547 WARN [Remote Process Group bc1a44f2-016c-1000-16aa-9c2490a224c5 Thread-1] o.a.n.r.util.SiteToSiteRestApiClient Failed to get controller from http://localhost:8080/nifi-api due to org.apache.http.conn.HttpHostConnectException: Connect to localhost:8080 [localhost/127.0.0.1] failed: Connection refused (Connection refused)
2020-05-26 15:00:13,549 WARN [Remote Process Group bc1a44f2-016c-1000-16aa-9c2490a224c5 Thread-1] o.a.n.remote.StandardRemoteProcessGroup Unable to communicate with remote instance RemoteProcessGroup[http://localhost:8080/nifi]
org.apache.nifi.controller.exception.CommunicationsException: org.apache.nifi.controller.exception.CommunicationsException: Unable to communicate with Remote NiFi at URI http://localhost:8080/nifi due to: Connect to localhost:8080 [localhost/127.0.0.1] failed: Connection refused (Connection refused)
	at org.apache.nifi.remote.StandardRemoteProcessGroup.refreshFlowContents(StandardRemoteProcessGroup.java:883)
	at org.apache.nifi.remote.StandardRemoteProcessGroup.lambda$initialize$0(StandardRemoteProcessGroup.java:193)
	at java.util.concurrent.Executors$RunnableAdapter.call(Executors.java:511)
	at java.util.concurrent.FutureTask.run(FutureTask.java:266)
	at java.util.concurrent.ScheduledThreadPoolExecutor$ScheduledFutureTask.access$201(ScheduledThreadPoolExecutor.java:180)
	at java.util.concurrent.ScheduledThreadPoolExecutor$ScheduledFutureTask.run(ScheduledThreadPoolExecutor.java:293)
	at java.util.concurrent.ThreadPoolExecutor.runWorker(ThreadPoolExecutor.java:1149)
	at java.util.concurrent.ThreadPoolExecutor$Worker.run(ThreadPoolExecutor.java:624)
	at java.lang.Thread.run(Thread.java:748)
Caused by: org.apache.nifi.controller.exception.CommunicationsException: Unable to communicate with Remote NiFi at URI http://localhost:8080/nifi due to: Connect to localhost:8080 [localhost/127.0.0.1] failed: Connection refused (Connection refused)
	at org.apache.nifi.remote.StandardRemoteProcessGroup.refreshFlowContents(StandardRemoteProcessGroup.java:845)
	... 8 common frames omitted
2020-05-26 15:00:13,551 WARN [Remote Process Group bc1a44f2-016c-1000-16aa-9c2490a224c5 Thread-1] o.a.n.r.util.SiteToSiteRestApiClient Failed to get controller from http://localhost:8080/nifi-api due to org.apache.http.conn.HttpHostConnectException: Connect to localhost:8080 [localhost/127.0.0.1] failed: Connection refused (Connection refused)
2020-05-26 15:00:13,552 WARN [Remote Process Group bc1a44f2-016c-1000-16aa-9c2490a224c5 Thread-1] o.a.n.remote.StandardRemoteProcessGroup Unable to connect to RemoteProcessGroup[http://localhost:8080/nifi] due to org.apache.http.conn.HttpHostConnectException: Connect to localhost:8080 [localhost/127.0.0.1] failed: Connection refused (Connection refused)
2020-05-26 15:00:13,615 INFO [main] o.apache.nifi.controller.FlowController Successfully synchronized controller with proposed flow
2020-05-26 15:00:13,968 INFO [main] o.a.n.wali.SequentialAccessWriteAheadLog Recovering records from Write-Ahead Log at ./flowfile_repository
2020-05-26 15:00:13,969 INFO [main] o.a.n.wali.SequentialAccessWriteAheadLog No Snapshot File to recover from at ./flowfile_repository. Now recovering records from 0 journal files
2020-05-26 15:00:13,970 INFO [main] o.a.n.wali.SequentialAccessWriteAheadLog Successfully recovered 0 records in 1 milliseconds. Now checkpointing to ensure that Write-Ahead Log is in a consistent state
2020-05-26 15:00:13,987 INFO [main] o.a.n.wali.SequentialAccessWriteAheadLog Checkpointed Write-Ahead Log with 0 Records and 0 Swap Files in 17 milliseconds (Stop-the-world time = 13 milliseconds), max Transaction ID -1
2020-05-26 15:00:13,988 INFO [main] o.a.n.c.r.WriteAheadFlowFileRepository Successfully restored 0 FlowFiles
2020-05-26 15:00:14,020 WARN [Timer-Driven Process Thread-3] o.a.n.r.util.SiteToSiteRestApiClient Failed to get controller from http://localhost:8080/nifi-api due to org.apache.http.conn.HttpHostConnectException: Connect to localhost:8080 [localhost/127.0.0.1] failed: Connection refused (Connection refused)
2020-05-26 15:00:14,020 WARN [Timer-Driven Process Thread-3] o.apache.nifi.controller.FlowController Unable to communicate with remote instance RemoteProcessGroup[http://localhost:8080/nifi] due to org.apache.nifi.controller.exception.CommunicationsException: org.apache.nifi.controller.exception.CommunicationsException: Unable to communicate with Remote NiFi at URI http://localhost:8080/nifi due to: Connect to localhost:8080 [localhost/127.0.0.1] failed: Connection refused (Connection refused)
2020-05-26 15:00:16,037 INFO [main] o.apache.nifi.controller.FlowController Performed initial validation of all components in 597 milliseconds
2020-05-26 15:00:16,038 INFO [main] o.apache.nifi.controller.FlowController Starting 4 processors/ports/funnels
2020-05-26 15:00:16,043 INFO [main] o.a.n.c.s.StandardProcessScheduler Starting UpdateAttribute[id=c99813df-016c-1000-a5b3-e1cc313e7460]
2020-05-26 15:00:16,047 INFO [main] o.a.n.c.s.StandardProcessScheduler Starting MyProcessor[id=4b0b9b91-0172-1000-50ee-1383baaae131]
2020-05-26 15:00:16,053 INFO [main] o.a.n.c.s.StandardProcessScheduler Starting UpdateAttribute[id=2564fe6b-016f-1000-8b85-74682438f3a2]
2020-05-26 15:00:16,064 INFO [Monitor Processor Lifecycle Thread-2] o.a.n.c.s.TimerDrivenSchedulingAgent Scheduled MyProcessor[id=4b0b9b91-0172-1000-50ee-1383baaae131] to run with 1 threads
2020-05-26 15:00:16,064 INFO [Monitor Processor Lifecycle Thread-1] o.a.n.c.s.TimerDrivenSchedulingAgent Scheduled UpdateAttribute[id=c99813df-016c-1000-a5b3-e1cc313e7460] to run with 1 threads
2020-05-26 15:00:16,063 INFO [main] o.a.n.c.s.TimerDrivenSchedulingAgent Scheduled StandardRootGroupPort[id=bc17f030-016c-1000-2eba-262e61a9059b] to run with 1 threads
2020-05-26 15:00:16,066 INFO [main] o.apache.nifi.controller.FlowController Started 0 Remote Group Ports transmitting
2020-05-26 15:00:16,066 INFO [main] o.a.n.w.c.ApplicationStartupContextListener Flow Controller started successfully.
2020-05-26 15:00:16,067 INFO [Monitor Processor Lifecycle Thread-2] o.a.n.c.s.TimerDrivenSchedulingAgent Scheduled UpdateAttribute[id=2564fe6b-016f-1000-8b85-74682438f3a2] to run with 1 threads
2020-05-26 15:00:18,638 INFO [main] o.e.jetty.server.handler.ContextHandler Started o.e.j.w.WebAppContext@54c3bae{/nifi-api,file:///home/ubuntu/jarvis-nifi/work/jetty/nifi-web-api-1.7.0.war/webapp/,AVAILABLE}{./work/nar/framework/nifi-framework-nar-1.7.0.nar-unpacked/META-INF/bundled-dependencies/nifi-web-api-1.7.0.war}
2020-05-26 15:00:19,088 INFO [main] o.e.j.a.AnnotationConfiguration Scanning elapsed time=323ms
2020-05-26 15:00:19,090 INFO [main] o.e.j.C./nifi-content-viewer No Spring WebApplicationInitializer types detected on classpath
2020-05-26 15:00:19,114 INFO [main] o.e.jetty.server.handler.ContextHandler Started o.e.j.w.WebAppContext@2dc4b58a{/nifi-content-viewer,file:///home/ubuntu/jarvis-nifi/work/jetty/nifi-web-content-viewer-1.7.0.war/webapp/,AVAILABLE}{./work/nar/framework/nifi-framework-nar-1.7.0.nar-unpacked/META-INF/bundled-dependencies/nifi-web-content-viewer-1.7.0.war}
2020-05-26 15:00:19,115 INFO [main] o.e.jetty.server.handler.ContextHandler Started o.e.j.s.h.ContextHandler@45dc4d1a{/nifi-docs,null,AVAILABLE}
2020-05-26 15:00:19,141 INFO [main] o.e.j.a.AnnotationConfiguration Scanning elapsed time=16ms
2020-05-26 15:00:19,161 INFO [main] o.e.jetty.ContextHandler./nifi-docs No Spring WebApplicationInitializer types detected on classpath
2020-05-26 15:00:19,163 INFO [main] o.e.jetty.server.handler.ContextHandler Started o.e.j.w.WebAppContext@4dbcc8ce{/nifi-docs,file:///home/ubuntu/jarvis-nifi/work/jetty/nifi-web-docs-1.7.0.war/webapp/,AVAILABLE}{./work/nar/framework/nifi-framework-nar-1.7.0.nar-unpacked/META-INF/bundled-dependencies/nifi-web-docs-1.7.0.war}
2020-05-26 15:00:19,190 INFO [main] o.e.j.a.AnnotationConfiguration Scanning elapsed time=18ms
2020-05-26 15:00:19,191 INFO [main] org.eclipse.jetty.ContextHandler./ No Spring WebApplicationInitializer types detected on classpath
2020-05-26 15:00:19,211 INFO [main] o.e.jetty.server.handler.ContextHandler Started o.e.j.w.WebAppContext@13ea9afc{/,file:///home/ubuntu/jarvis-nifi/work/jetty/nifi-web-error-1.7.0.war/webapp/,AVAILABLE}{./work/nar/framework/nifi-framework-nar-1.7.0.nar-unpacked/META-INF/bundled-dependencies/nifi-web-error-1.7.0.war}
2020-05-26 15:00:19,223 INFO [main] o.eclipse.jetty.server.AbstractConnector Started ServerConnector@1a6aecec{HTTP/1.1,[http/1.1]}{172.31.17.113:8080}
2020-05-26 15:00:19,223 INFO [main] org.eclipse.jetty.server.Server Started @31307ms
2020-05-26 15:00:19,233 INFO [main] org.apache.nifi.web.server.JettyServer NiFi has started. The UI is available at the following URLs:
2020-05-26 15:00:19,233 INFO [main] org.apache.nifi.web.server.JettyServer http://172.31.17.113:8080/nifi
2020-05-26 15:00:19,234 INFO [main] org.apache.nifi.BootstrapListener Successfully initiated communication with Bootstrap
2020-05-26 15:00:19,234 INFO [main] org.apache.nifi.NiFi Controller initialization took 25273510270 nanoseconds (25 seconds).
2020-05-26 15:00:35,293 INFO [Site-to-Site Worker Thread-0] o.a.nifi.remote.SocketRemoteSiteListener Received connection from ip-172-31-7-39.ec2.internal/172.31.7.39, User DN: null
2020-05-26 15:00:35,309 INFO [Site-to-Site Worker Thread-0] o.a.nifi.remote.SocketRemoteSiteListener Successfully negotiated ServerProtocol SocketFlowFileProtocol Version 6 with Peer[url=nifi://ip-172-31-7-39.ec2.internal:58522]
2020-05-26 15:00:35,311 INFO [Site-to-Site Worker Thread-0] o.a.n.r.p.s.SocketFlowFileServerProtocol Sending list of 1 peers back to client Peer[url=nifi://ip-172-31-7-39.ec2.internal:58522]
2020-05-26 15:00:36,015 INFO [Site-to-Site Worker Thread-1] o.a.nifi.remote.SocketRemoteSiteListener Received connection from ip-172-31-7-39.ec2.internal/172.31.7.39, User DN: null
2020-05-26 15:00:36,018 INFO [Site-to-Site Worker Thread-1] o.a.nifi.remote.SocketRemoteSiteListener Successfully negotiated ServerProtocol SocketFlowFileProtocol Version 6 with Peer[url=nifi://ip-172-31-7-39.ec2.internal:58524]
2020-05-26 15:00:37,643 INFO [Timer-Driven Process Thread-3] o.a.n.r.p.s.SocketFlowFileServerProtocol SocketFlowFileServerProtocol[CommsID=bcca56f1-29a2-4c1f-bbce-600fd934e4e5] Successfully received [StandardFlowFileRecord[uuid=46c6d3d7-3562-4340-b543-b5dac6bf7a5a,claim=StandardContentClaim [resourceClaim=StandardResourceClaim[id=1590505236055-1, container=default, section=1], offset=0, length=3084574],offset=0,name=1642309592342,size=3084574]] (2.94 MB) from Peer[url=nifi://ip-172-31-7-39.ec2.internal:58524] in 1593 milliseconds at a rate of 1.85 MB/sec
2020-05-26 15:00:39,240 INFO [Timer-Driven Process Thread-3] o.a.n.r.p.s.SocketFlowFileServerProtocol SocketFlowFileServerProtocol[CommsID=bcca56f1-29a2-4c1f-bbce-600fd934e4e5] Successfully received [StandardFlowFileRecord[uuid=c296714a-fcd4-47d4-b993-c5fab75aa22c,claim=StandardContentClaim [resourceClaim=StandardResourceClaim[id=1590505237652-2, container=default, section=2], offset=0, length=3084574],offset=0,name=1643047933237,size=3084574]] (2.94 MB) from Peer[url=nifi://ip-172-31-7-39.ec2.internal:58524] in 1587 milliseconds at a rate of 1.85 MB/sec
2020-05-26 15:00:40,846 INFO [Timer-Driven Process Thread-3] o.a.n.r.p.s.SocketFlowFileServerProtocol SocketFlowFileServerProtocol[CommsID=bcca56f1-29a2-4c1f-bbce-600fd934e4e5] Successfully received [StandardFlowFileRecord[uuid=2e19097f-9b81-46b9-965d-9d84c57d4fa3,claim=StandardContentClaim [resourceClaim=StandardResourceClaim[id=1590505239248-3, container=default, section=3], offset=0, length=3084574],offset=0,name=1643917648680,size=3084574]] (2.94 MB) from Peer[url=nifi://ip-172-31-7-39.ec2.internal:58524] in 1598 milliseconds at a rate of 1.84 MB/sec
2020-05-26 15:00:42,368 INFO [Timer-Driven Process Thread-3] o.a.n.r.p.s.SocketFlowFileServerProtocol SocketFlowFileServerProtocol[CommsID=bcca56f1-29a2-4c1f-bbce-600fd934e4e5] Successfully received [StandardFlowFileRecord[uuid=bd826e6e-5e94-43be-aaba-7c6d90b45582,claim=StandardContentClaim [resourceClaim=StandardResourceClaim[id=1590505240849-4, container=default, section=4], offset=0, length=3084574],offset=0,name=1644894885434,size=3084574]] (2.94 MB) from Peer[url=nifi://ip-172-31-7-39.ec2.internal:58524] in 1518 milliseconds at a rate of 1.94 MB/sec
2020-05-26 15:00:43,899 INFO [Timer-Driven Process Thread-6] o.a.n.r.p.s.SocketFlowFileServerProtocol SocketFlowFileServerProtocol[CommsID=bcca56f1-29a2-4c1f-bbce-600fd934e4e5] Successfully received [StandardFlowFileRecord[uuid=920a15cc-bbb4-418a-9480-df01d8dbd32f,claim=StandardContentClaim [resourceClaim=StandardResourceClaim[id=1590505242370-5, container=default, section=5], offset=0, length=3084574],offset=0,name=1645921796325,size=3084574]] (2.94 MB) from Peer[url=nifi://ip-172-31-7-39.ec2.internal:58524] in 1529 milliseconds at a rate of 1.92 MB/sec
2020-05-26 15:00:44,022 WARN [Timer-Driven Process Thread-5] o.a.n.r.util.SiteToSiteRestApiClient Failed to get controller from http://localhost:8080/nifi-api due to org.apache.http.conn.HttpHostConnectException: Connect to localhost:8080 [localhost/127.0.0.1] failed: Connection refused (Connection refused)
2020-05-26 15:00:44,022 WARN [Timer-Driven Process Thread-5] o.apache.nifi.controller.FlowController Unable to communicate with remote instance RemoteProcessGroup[http://localhost:8080/nifi] due to org.apache.nifi.controller.exception.CommunicationsException: org.apache.nifi.controller.exception.CommunicationsException: Unable to communicate with Remote NiFi at URI http://localhost:8080/nifi due to: Connect to localhost:8080 [localhost/127.0.0.1] failed: Connection refused (Connection refused)
2020-05-26 15:00:45,487 INFO [Timer-Driven Process Thread-6] o.a.n.r.p.s.SocketFlowFileServerProtocol SocketFlowFileServerProtocol[CommsID=bcca56f1-29a2-4c1f-bbce-600fd934e4e5] Successfully received [StandardFlowFileRecord[uuid=0c179993-a948-4138-a9ef-9dfcd1d31d06,claim=StandardContentClaim [resourceClaim=StandardResourceClaim[id=1590505243903-6, container=default, section=6], offset=0, length=3084574],offset=0,name=1646935615719,size=3084574]] (2.94 MB) from Peer[url=nifi://ip-172-31-7-39.ec2.internal:58524] in 1583 milliseconds at a rate of 1.86 MB/sec
2020-05-26 15:00:47,074 INFO [Timer-Driven Process Thread-2] o.a.n.r.p.s.SocketFlowFileServerProtocol SocketFlowFileServerProtocol[CommsID=bcca56f1-29a2-4c1f-bbce-600fd934e4e5] Successfully received [StandardFlowFileRecord[uuid=1ad33bcb-d53d-4844-af42-d1b981cee533,claim=StandardContentClaim [resourceClaim=StandardResourceClaim[id=1590505245489-7, container=default, section=7], offset=0, length=3084574],offset=0,name=1647984226556,size=3084574]] (2.94 MB) from Peer[url=nifi://ip-172-31-7-39.ec2.internal:58524] in 1585 milliseconds at a rate of 1.86 MB/sec
2020-05-26 15:00:47,627 INFO [Provenance Maintenance Thread-2] o.a.n.p.PersistentProvenanceRepository Created new Provenance Event Writers for events starting with ID 21
2020-05-26 15:00:47,957 INFO [Provenance Repository Rollover Thread-1] o.a.n.p.lucene.SimpleIndexManager Index Writer for ./provenance_repository/index-1590505247000 has been returned to Index Manager and is no longer in use. Closing Index Writer
2020-05-26 15:00:47,959 INFO [Provenance Repository Rollover Thread-1] o.a.n.p.PersistentProvenanceRepository Successfully merged 16 journal files (21 records) into single Provenance Log File ./provenance_repository/0.prov in 326 milliseconds
2020-05-26 15:00:47,960 INFO [Provenance Repository Rollover Thread-1] o.a.n.p.PersistentProvenanceRepository Successfully Rolled over Provenance Event file containing 21 records. In the past 5 minutes, 21 events have been written to the Provenance Repository, totaling 14.72 KB
2020-05-26 15:00:48,665 INFO [Timer-Driven Process Thread-2] o.a.n.r.p.s.SocketFlowFileServerProtocol SocketFlowFileServerProtocol[CommsID=bcca56f1-29a2-4c1f-bbce-600fd934e4e5] Successfully received [StandardFlowFileRecord[uuid=05021145-44e5-42fa-be8b-3e9f2f8ede2a,claim=StandardContentClaim [resourceClaim=StandardResourceClaim[id=1590505247076-8, container=default, section=8], offset=0, length=3084574],offset=0,name=1648924726873,size=3084574]] (2.94 MB) from Peer[url=nifi://ip-172-31-7-39.ec2.internal:58524] in 1588 milliseconds at a rate of 1.85 MB/sec
2020-05-26 15:00:50,254 INFO [Timer-Driven Process Thread-2] o.a.n.r.p.s.SocketFlowFileServerProtocol SocketFlowFileServerProtocol[CommsID=bcca56f1-29a2-4c1f-bbce-600fd934e4e5] Successfully received [StandardFlowFileRecord[uuid=7c0d2d3f-18a1-4a1a-a97e-980803de2510,claim=StandardContentClaim [resourceClaim=StandardResourceClaim[id=1590505248667-9, container=default, section=9], offset=0, length=3084574],offset=0,name=1649959103591,size=3084574]] (2.94 MB) from Peer[url=nifi://ip-172-31-7-39.ec2.internal:58524] in 1587 milliseconds at a rate of 1.85 MB/sec
2020-05-26 15:00:51,846 INFO [Timer-Driven Process Thread-2] o.a.n.r.p.s.SocketFlowFileServerProtocol SocketFlowFileServerProtocol[CommsID=bcca56f1-29a2-4c1f-bbce-600fd934e4e5] Successfully received [StandardFlowFileRecord[uuid=c707052f-2c26-4feb-aad6-b06d12898707,claim=StandardContentClaim [resourceClaim=StandardResourceClaim[id=1590505250256-10, container=default, section=10], offset=0, length=3084574],offset=0,name=1650940161108,size=3084574]] (2.94 MB) from Peer[url=nifi://ip-172-31-7-39.ec2.internal:58524] in 1589 milliseconds at a rate of 1.85 MB/sec
2020-05-26 15:00:53,358 INFO [Timer-Driven Process Thread-2] o.a.n.r.p.s.SocketFlowFileServerProtocol SocketFlowFileServerProtocol[CommsID=bcca56f1-29a2-4c1f-bbce-600fd934e4e5] Successfully received [StandardFlowFileRecord[uuid=1080c55d-aafc-42b9-9e12-6096683ddd91,claim=StandardContentClaim [resourceClaim=StandardResourceClaim[id=1590505251849-11, container=default, section=11], offset=0, length=3084574],offset=0,name=1651945451872,size=3084574]] (2.94 MB) from Peer[url=nifi://ip-172-31-7-39.ec2.internal:58524] in 1508 milliseconds at a rate of 1.95 MB/sec
2020-05-26 15:00:54,951 INFO [Timer-Driven Process Thread-2] o.a.n.r.p.s.SocketFlowFileServerProtocol SocketFlowFileServerProtocol[CommsID=bcca56f1-29a2-4c1f-bbce-600fd934e4e5] Successfully received [StandardFlowFileRecord[uuid=a08d3f2b-9ddf-4ad4-a1b5-ad7cdcc38bdb,claim=StandardContentClaim [resourceClaim=StandardResourceClaim[id=1590505253359-12, container=default, section=12], offset=0, length=3084574],offset=0,name=1652963269333,size=3084574]] (2.94 MB) from Peer[url=nifi://ip-172-31-7-39.ec2.internal:58524] in 1591 milliseconds at a rate of 1.85 MB/sec
2020-05-26 15:00:56,541 INFO [Timer-Driven Process Thread-2] o.a.n.r.p.s.SocketFlowFileServerProtocol SocketFlowFileServerProtocol[CommsID=bcca56f1-29a2-4c1f-bbce-600fd934e4e5] Successfully received [StandardFlowFileRecord[uuid=80036afb-f349-4c57-aa0c-031719e58dc8,claim=StandardContentClaim [resourceClaim=StandardResourceClaim[id=1590505254953-13, container=default, section=13], offset=0, length=3084574],offset=0,name=1654011119127,size=3084574]] (2.94 MB) from Peer[url=nifi://ip-172-31-7-39.ec2.internal:58524] in 1588 milliseconds at a rate of 1.85 MB/sec
2020-05-26 15:00:58,133 INFO [Timer-Driven Process Thread-2] o.a.n.r.p.s.SocketFlowFileServerProtocol SocketFlowFileServerProtocol[CommsID=bcca56f1-29a2-4c1f-bbce-600fd934e4e5] Successfully received [StandardFlowFileRecord[uuid=e8c0d200-ba73-41f1-a251-91d9bda7d97d,claim=StandardContentClaim [resourceClaim=StandardResourceClaim[id=1590505256542-14, container=default, section=14], offset=0, length=3084574],offset=0,name=1654969753169,size=3084574]] (2.94 MB) from Peer[url=nifi://ip-172-31-7-39.ec2.internal:58524] in 1590 milliseconds at a rate of 1.85 MB/sec
2020-05-26 15:00:59,724 INFO [Timer-Driven Process Thread-2] o.a.n.r.p.s.SocketFlowFileServerProtocol SocketFlowFileServerProtocol[CommsID=bcca56f1-29a2-4c1f-bbce-600fd934e4e5] Successfully received [StandardFlowFileRecord[uuid=546577ad-66d4-472b-871e-514046aaeed9,claim=StandardContentClaim [resourceClaim=StandardResourceClaim[id=1590505258135-15, container=default, section=15], offset=0, length=3084574],offset=0,name=1656027981700,size=3084574]] (2.94 MB) from Peer[url=nifi://ip-172-31-7-39.ec2.internal:58524] in 1588 milliseconds at a rate of 1.85 MB/sec
2020-05-26 15:01:01,315 INFO [Timer-Driven Process Thread-2] o.a.n.r.p.s.SocketFlowFileServerProtocol SocketFlowFileServerProtocol[CommsID=bcca56f1-29a2-4c1f-bbce-600fd934e4e5] Successfully received [StandardFlowFileRecord[uuid=7491fd6e-ff43-4680-8363-3c6b193c5d87,claim=StandardContentClaim [resourceClaim=StandardResourceClaim[id=1590505259726-16, container=default, section=16], offset=0, length=3084574],offset=0,name=1657034515733,size=3084574]] (2.94 MB) from Peer[url=nifi://ip-172-31-7-39.ec2.internal:58524] in 1589 milliseconds at a rate of 1.85 MB/sec
2020-05-26 15:01:02,907 INFO [Timer-Driven Process Thread-2] o.a.n.r.p.s.SocketFlowFileServerProtocol SocketFlowFileServerProtocol[CommsID=bcca56f1-29a2-4c1f-bbce-600fd934e4e5] Successfully received [StandardFlowFileRecord[uuid=ce39a60a-92b5-4d70-98b3-0287088e1831,claim=StandardContentClaim [resourceClaim=StandardResourceClaim[id=1590505261317-17, container=default, section=17], offset=0, length=3084574],offset=0,name=1658054855565,size=3084574]] (2.94 MB) from Peer[url=nifi://ip-172-31-7-39.ec2.internal:58524] in 1589 milliseconds at a rate of 1.85 MB/sec
2020-05-26 15:01:04,368 INFO [Timer-Driven Process Thread-2] o.a.n.r.p.s.SocketFlowFileServerProtocol SocketFlowFileServerProtocol[CommsID=bcca56f1-29a2-4c1f-bbce-600fd934e4e5] Successfully received [StandardFlowFileRecord[uuid=d8719c82-6482-4a49-9c68-66945d3a32cc,claim=StandardContentClaim [resourceClaim=StandardResourceClaim[id=1590505262909-18, container=default, section=18], offset=0, length=3084574],offset=0,name=1659021048569,size=3084574]] (2.94 MB) from Peer[url=nifi://ip-172-31-7-39.ec2.internal:58524] in 1458 milliseconds at a rate of 2.02 MB/sec
2020-05-26 15:01:05,932 INFO [Timer-Driven Process Thread-2] o.a.n.r.p.s.SocketFlowFileServerProtocol SocketFlowFileServerProtocol[CommsID=bcca56f1-29a2-4c1f-bbce-600fd934e4e5] Successfully received [StandardFlowFileRecord[uuid=54e202ec-9e7d-40c4-bce2-3d6b5862f38f,claim=StandardContentClaim [resourceClaim=StandardResourceClaim[id=1590505264371-19, container=default, section=19], offset=0, length=3084574],offset=0,name=1660044243657,size=3084574]] (2.94 MB) from Peer[url=nifi://ip-172-31-7-39.ec2.internal:58524] in 1561 milliseconds at a rate of 1.88 MB/sec
2020-05-26 15:01:07,522 INFO [Timer-Driven Process Thread-2] o.a.n.r.p.s.SocketFlowFileServerProtocol SocketFlowFileServerProtocol[CommsID=bcca56f1-29a2-4c1f-bbce-600fd934e4e5] Successfully received [StandardFlowFileRecord[uuid=718f1e2d-87e2-46c1-9a5b-9e593b6334a0,claim=StandardContentClaim [resourceClaim=StandardResourceClaim[id=1590505265935-20, container=default, section=20], offset=0, length=3084574],offset=0,name=1661038962348,size=3084574]] (2.94 MB) from Peer[url=nifi://ip-172-31-7-39.ec2.internal:58524] in 1587 milliseconds at a rate of 1.85 MB/sec
2020-05-26 15:01:09,113 INFO [Timer-Driven Process Thread-2] o.a.n.r.p.s.SocketFlowFileServerProtocol SocketFlowFileServerProtocol[CommsID=bcca56f1-29a2-4c1f-bbce-600fd934e4e5] Successfully received [StandardFlowFileRecord[uuid=f9ff01c0-3dff-4219-a55f-5678a46e60f5,claim=StandardContentClaim [resourceClaim=StandardResourceClaim[id=1590505267525-21, container=default, section=21], offset=0, length=3084574],offset=0,name=1662044780731,size=3084574]] (2.94 MB) from Peer[url=nifi://ip-172-31-7-39.ec2.internal:58524] in 1588 milliseconds at a rate of 1.85 MB/sec
2020-05-26 15:01:10,710 INFO [Timer-Driven Process Thread-2] o.a.n.r.p.s.SocketFlowFileServerProtocol SocketFlowFileServerProtocol[CommsID=bcca56f1-29a2-4c1f-bbce-600fd934e4e5] Successfully received [StandardFlowFileRecord[uuid=ecf8e8e0-bb5d-4c87-b4c1-8dc448d0091e,claim=StandardContentClaim [resourceClaim=StandardResourceClaim[id=1590505269155-22, container=default, section=22], offset=0, length=3084574],offset=0,name=1663083895995,size=3084574]] (2.94 MB) from Peer[url=nifi://ip-172-31-7-39.ec2.internal:58524] in 1589 milliseconds at a rate of 1.85 MB/sec
2020-05-26 15:01:12,295 INFO [Timer-Driven Process Thread-2] o.a.n.r.p.s.SocketFlowFileServerProtocol SocketFlowFileServerProtocol[CommsID=bcca56f1-29a2-4c1f-bbce-600fd934e4e5] Successfully received [StandardFlowFileRecord[uuid=7ddc15d3-aafe-4655-ac89-f7cc97b0130b,claim=StandardContentClaim [resourceClaim=StandardResourceClaim[id=1590505270712-23, container=default, section=23], offset=0, length=3084574],offset=0,name=1664066862869,size=3084574]] (2.94 MB) from Peer[url=nifi://ip-172-31-7-39.ec2.internal:58524] in 1583 milliseconds at a rate of 1.86 MB/sec
2020-05-26 15:01:13,556 WARN [Remote Process Group bc1a44f2-016c-1000-16aa-9c2490a224c5 Thread-1] o.a.n.r.util.SiteToSiteRestApiClient Failed to get controller from http://localhost:8080/nifi-api due to org.apache.http.conn.HttpHostConnectException: Connect to localhost:8080 [localhost/127.0.0.1] failed: Connection refused (Connection refused)
2020-05-26 15:01:13,556 WARN [Remote Process Group bc1a44f2-016c-1000-16aa-9c2490a224c5 Thread-1] o.a.n.remote.StandardRemoteProcessGroup Unable to connect to RemoteProcessGroup[http://localhost:8080/nifi] due to org.apache.http.conn.HttpHostConnectException: Connect to localhost:8080 [localhost/127.0.0.1] failed: Connection refused (Connection refused)
2020-05-26 15:01:13,892 INFO [Timer-Driven Process Thread-2] o.a.n.r.p.s.SocketFlowFileServerProtocol SocketFlowFileServerProtocol[CommsID=bcca56f1-29a2-4c1f-bbce-600fd934e4e5] Successfully received [StandardFlowFileRecord[uuid=9b0cf74c-c0d2-4d7d-b24a-b295d894d436,claim=StandardContentClaim [resourceClaim=StandardResourceClaim[id=1590505272297-24, container=default, section=24], offset=0, length=3084574],offset=0,name=1665061979862,size=3084574]] (2.94 MB) from Peer[url=nifi://ip-172-31-7-39.ec2.internal:58524] in 1595 milliseconds at a rate of 1.84 MB/sec
2020-05-26 15:01:14,024 WARN [Timer-Driven Process Thread-10] o.a.n.r.util.SiteToSiteRestApiClient Failed to get controller from http://localhost:8080/nifi-api due to org.apache.http.conn.HttpHostConnectException: Connect to localhost:8080 [localhost/127.0.0.1] failed: Connection refused (Connection refused)
2020-05-26 15:01:14,025 WARN [Timer-Driven Process Thread-10] o.apache.nifi.controller.FlowController Unable to communicate with remote instance RemoteProcessGroup[http://localhost:8080/nifi] due to org.apache.nifi.controller.exception.CommunicationsException: org.apache.nifi.controller.exception.CommunicationsException: Unable to communicate with Remote NiFi at URI http://localhost:8080/nifi due to: Connect to localhost:8080 [localhost/127.0.0.1] failed: Connection refused (Connection refused)
2020-05-26 15:01:15,491 INFO [Timer-Driven Process Thread-2] o.a.n.r.p.s.SocketFlowFileServerProtocol SocketFlowFileServerProtocol[CommsID=bcca56f1-29a2-4c1f-bbce-600fd934e4e5] Successfully received [StandardFlowFileRecord[uuid=fc4e1e91-1b36-4cea-8131-ba90137fa7a7,claim=StandardContentClaim [resourceClaim=StandardResourceClaim[id=1590505273895-25, container=default, section=25], offset=0, length=3084574],offset=0,name=1666084778253,size=3084574]] (2.94 MB) from Peer[url=nifi://ip-172-31-7-39.ec2.internal:58524] in 1595 milliseconds at a rate of 1.84 MB/sec
2020-05-26 15:01:17,084 INFO [Timer-Driven Process Thread-2] o.a.n.r.p.s.SocketFlowFileServerProtocol SocketFlowFileServerProtocol[CommsID=bcca56f1-29a2-4c1f-bbce-600fd934e4e5] Successfully received [StandardFlowFileRecord[uuid=400071c3-31b6-4585-950f-5d7424802208,claim=StandardContentClaim [resourceClaim=StandardResourceClaim[id=1590505275493-26, container=default, section=26], offset=0, length=3084574],offset=0,name=1667092043113,size=3084574]] (2.94 MB) from Peer[url=nifi://ip-172-31-7-39.ec2.internal:58524] in 1590 milliseconds at a rate of 1.85 MB/sec
2020-05-26 15:01:17,634 INFO [Provenance Maintenance Thread-2] o.a.n.p.PersistentProvenanceRepository Created new Provenance Event Writers for events starting with ID 78
2020-05-26 15:01:17,690 INFO [Provenance Repository Rollover Thread-1] o.a.n.p.lucene.SimpleIndexManager Index Writer for ./provenance_repository/index-1590505247000 has been returned to Index Manager and is no longer in use. Closing Index Writer
2020-05-26 15:01:17,691 INFO [Provenance Repository Rollover Thread-1] o.a.n.p.PersistentProvenanceRepository Successfully merged 16 journal files (57 records) into single Provenance Log File ./provenance_repository/21.prov in 63 milliseconds
2020-05-26 15:01:17,692 INFO [Provenance Repository Rollover Thread-1] o.a.n.p.PersistentProvenanceRepository Successfully Rolled over Provenance Event file containing 57 records. In the past 5 minutes, 78 events have been written to the Provenance Repository, totaling 54.83 KB
2020-05-26 15:01:18,686 INFO [Timer-Driven Process Thread-2] o.a.n.r.p.s.SocketFlowFileServerProtocol SocketFlowFileServerProtocol[CommsID=bcca56f1-29a2-4c1f-bbce-600fd934e4e5] Successfully received [StandardFlowFileRecord[uuid=f3a80d0c-e8cd-4c40-93d6-0f94a2d205e4,claim=StandardContentClaim [resourceClaim=StandardResourceClaim[id=1590505277086-27, container=default, section=27], offset=0, length=3084574],offset=0,name=1668086180055,size=3084574]] (2.94 MB) from Peer[url=nifi://ip-172-31-7-39.ec2.internal:58524] in 1599 milliseconds at a rate of 1.84 MB/sec
2020-05-26 15:01:20,285 INFO [Timer-Driven Process Thread-2] o.a.n.r.p.s.SocketFlowFileServerProtocol SocketFlowFileServerProtocol[CommsID=bcca56f1-29a2-4c1f-bbce-600fd934e4e5] Successfully received [StandardFlowFileRecord[uuid=d101e410-407c-464d-a93b-070c60a41c3e,claim=StandardContentClaim [resourceClaim=StandardResourceClaim[id=1590505278694-28, container=default, section=28], offset=0, length=3084574],offset=0,name=1669099465218,size=3084574]] (2.94 MB) from Peer[url=nifi://ip-172-31-7-39.ec2.internal:58524] in 1591 milliseconds at a rate of 1.85 MB/sec
2020-05-26 15:01:21,877 INFO [Timer-Driven Process Thread-2] o.a.n.r.p.s.SocketFlowFileServerProtocol SocketFlowFileServerProtocol[CommsID=bcca56f1-29a2-4c1f-bbce-600fd934e4e5] Successfully received [StandardFlowFileRecord[uuid=5d2b5c84-d97f-40d4-83f3-935b96385944,claim=StandardContentClaim [resourceClaim=StandardResourceClaim[id=1590505280287-29, container=default, section=29], offset=0, length=3084574],offset=0,name=1670123243028,size=3084574]] (2.94 MB) from Peer[url=nifi://ip-172-31-7-39.ec2.internal:58524] in 1589 milliseconds at a rate of 1.85 MB/sec
2020-05-26 15:01:23,402 INFO [Timer-Driven Process Thread-3] o.a.n.r.p.s.SocketFlowFileServerProtocol SocketFlowFileServerProtocol[CommsID=bcca56f1-29a2-4c1f-bbce-600fd934e4e5] Successfully received [StandardFlowFileRecord[uuid=6ae655f4-8363-4fa9-bdb3-ec9ce711b81c,claim=StandardContentClaim [resourceClaim=StandardResourceClaim[id=1590505281878-30, container=default, section=30], offset=0, length=3084574],offset=0,name=1671129921154,size=3084574]] (2.94 MB) from Peer[url=nifi://ip-172-31-7-39.ec2.internal:58524] in 1523 milliseconds at a rate of 1.93 MB/sec
2020-05-26 15:01:24,977 INFO [Timer-Driven Process Thread-3] o.a.n.r.p.s.SocketFlowFileServerProtocol SocketFlowFileServerProtocol[CommsID=bcca56f1-29a2-4c1f-bbce-600fd934e4e5] Successfully received [StandardFlowFileRecord[uuid=d39bb3f1-ed5d-40b7-9904-3dc1bca07943,claim=StandardContentClaim [resourceClaim=StandardResourceClaim[id=1590505283403-31, container=default, section=31], offset=0, length=3084574],offset=0,name=1672131476089,size=3084574]] (2.94 MB) from Peer[url=nifi://ip-172-31-7-39.ec2.internal:58524] in 1573 milliseconds at a rate of 1.87 MB/sec
2020-05-26 15:01:26,561 INFO [Timer-Driven Process Thread-3] o.a.n.r.p.s.SocketFlowFileServerProtocol SocketFlowFileServerProtocol[CommsID=bcca56f1-29a2-4c1f-bbce-600fd934e4e5] Successfully received [StandardFlowFileRecord[uuid=8af796bb-ca99-4ea9-8257-4d94990c3000,claim=StandardContentClaim [resourceClaim=StandardResourceClaim[id=1590505284978-32, container=default, section=32], offset=0, length=3084574],offset=0,name=1673144822396,size=3084574]] (2.94 MB) from Peer[url=nifi://ip-172-31-7-39.ec2.internal:58524] in 1582 milliseconds at a rate of 1.86 MB/sec
2020-05-26 15:01:28,144 INFO [Timer-Driven Process Thread-3] o.a.n.r.p.s.SocketFlowFileServerProtocol SocketFlowFileServerProtocol[CommsID=bcca56f1-29a2-4c1f-bbce-600fd934e4e5] Successfully received [StandardFlowFileRecord[uuid=488d2425-ceb2-4e7d-b0c4-b483d4a0d0a7,claim=StandardContentClaim [resourceClaim=StandardResourceClaim[id=1590505286563-33, container=default, section=33], offset=0, length=3084574],offset=0,name=1674149538442,size=3084574]] (2.94 MB) from Peer[url=nifi://ip-172-31-7-39.ec2.internal:58524] in 1580 milliseconds at a rate of 1.86 MB/sec
2020-05-26 15:01:29,732 INFO [Timer-Driven Process Thread-3] o.a.n.r.p.s.SocketFlowFileServerProtocol SocketFlowFileServerProtocol[CommsID=bcca56f1-29a2-4c1f-bbce-600fd934e4e5] Successfully received [StandardFlowFileRecord[uuid=e7967ebd-1b48-44cf-8bee-603866f77ecc,claim=StandardContentClaim [resourceClaim=StandardResourceClaim[id=1590505288147-34, container=default, section=34], offset=0, length=3084574],offset=0,name=1675156689932,size=3084574]] (2.94 MB) from Peer[url=nifi://ip-172-31-7-39.ec2.internal:58524] in 1586 milliseconds at a rate of 1.85 MB/sec
2020-05-26 15:01:31,319 INFO [Timer-Driven Process Thread-3] o.a.n.r.p.s.SocketFlowFileServerProtocol SocketFlowFileServerProtocol[CommsID=bcca56f1-29a2-4c1f-bbce-600fd934e4e5] Successfully received [StandardFlowFileRecord[uuid=dbec65db-4c88-4f78-a1c7-85fabb4cf574,claim=StandardContentClaim [resourceClaim=StandardResourceClaim[id=1590505289734-35, container=default, section=35], offset=0, length=3084574],offset=0,name=1676161348580,size=3084574]] (2.94 MB) from Peer[url=nifi://ip-172-31-7-39.ec2.internal:58524] in 1585 milliseconds at a rate of 1.86 MB/sec
2020-05-26 15:01:32,910 INFO [Timer-Driven Process Thread-3] o.a.n.r.p.s.SocketFlowFileServerProtocol SocketFlowFileServerProtocol[CommsID=bcca56f1-29a2-4c1f-bbce-600fd934e4e5] Successfully received [StandardFlowFileRecord[uuid=d3ddfccd-2d98-492e-bbd6-26ca889a3c11,claim=StandardContentClaim [resourceClaim=StandardResourceClaim[id=1590505291321-36, container=default, section=36], offset=0, length=3084574],offset=0,name=1677184752144,size=3084574]] (2.94 MB) from Peer[url=nifi://ip-172-31-7-39.ec2.internal:58524] in 1589 milliseconds at a rate of 1.85 MB/sec
2020-05-26 15:01:34,508 INFO [Timer-Driven Process Thread-3] o.a.n.r.p.s.SocketFlowFileServerProtocol SocketFlowFileServerProtocol[CommsID=bcca56f1-29a2-4c1f-bbce-600fd934e4e5] Successfully received [StandardFlowFileRecord[uuid=d0a69edb-bce3-438d-8d62-e0d2def67206,claim=StandardContentClaim [resourceClaim=StandardResourceClaim[id=1590505292912-37, container=default, section=37], offset=0, length=3084574],offset=0,name=1678171908017,size=3084574]] (2.94 MB) from Peer[url=nifi://ip-172-31-7-39.ec2.internal:58524] in 1596 milliseconds at a rate of 1.84 MB/sec
2020-05-26 15:01:35,330 INFO [Site-to-Site Worker Thread-2] o.a.nifi.remote.SocketRemoteSiteListener Received connection from ip-172-31-7-39.ec2.internal/172.31.7.39, User DN: null
2020-05-26 15:01:35,343 INFO [Site-to-Site Worker Thread-2] o.a.nifi.remote.SocketRemoteSiteListener Successfully negotiated ServerProtocol SocketFlowFileProtocol Version 6 with Peer[url=nifi://ip-172-31-7-39.ec2.internal:58538]
2020-05-26 15:01:35,344 INFO [Site-to-Site Worker Thread-2] o.a.n.r.p.s.SocketFlowFileServerProtocol Sending list of 1 peers back to client Peer[url=nifi://ip-172-31-7-39.ec2.internal:58538]
2020-05-26 15:01:36,025 INFO [Timer-Driven Process Thread-3] o.a.n.r.p.s.SocketFlowFileServerProtocol SocketFlowFileServerProtocol[CommsID=bcca56f1-29a2-4c1f-bbce-600fd934e4e5] Successfully received [StandardFlowFileRecord[uuid=3bab31f8-eccd-4d80-b255-3d74421cb2ea,claim=StandardContentClaim [resourceClaim=StandardResourceClaim[id=1590505294511-38, container=default, section=38], offset=0, length=3084574],offset=0,name=1679182988711,size=3084574]] (2.94 MB) from Peer[url=nifi://ip-172-31-7-39.ec2.internal:58524] in 1515 milliseconds at a rate of 1.94 MB/sec
2020-05-26 15:01:37,624 INFO [Timer-Driven Process Thread-3] o.a.n.r.p.s.SocketFlowFileServerProtocol SocketFlowFileServerProtocol[CommsID=bcca56f1-29a2-4c1f-bbce-600fd934e4e5] Successfully received [StandardFlowFileRecord[uuid=bca47676-f2da-4a3d-9f0e-169db507db4c,claim=StandardContentClaim [resourceClaim=StandardResourceClaim[id=1590505296030-39, container=default, section=39], offset=0, length=3084574],offset=0,name=1680194329105,size=3084574]] (2.94 MB) from Peer[url=nifi://ip-172-31-7-39.ec2.internal:58524] in 1594 milliseconds at a rate of 1.84 MB/sec
2020-05-26 15:01:39,205 INFO [Timer-Driven Process Thread-3] o.a.n.r.p.s.SocketFlowFileServerProtocol SocketFlowFileServerProtocol[CommsID=bcca56f1-29a2-4c1f-bbce-600fd934e4e5] Successfully received [StandardFlowFileRecord[uuid=d5e2506d-2fbf-4794-a26d-7fa135358d4d,claim=StandardContentClaim [resourceClaim=StandardResourceClaim[id=1590505297628-40, container=default, section=40], offset=0, length=3084574],offset=0,name=1681203810062,size=3084574]] (2.94 MB) from Peer[url=nifi://ip-172-31-7-39.ec2.internal:58524] in 1577 milliseconds at a rate of 1.86 MB/sec
2020-05-26 15:01:40,656 INFO [Timer-Driven Process Thread-3] o.a.n.r.p.s.SocketFlowFileServerProtocol SocketFlowFileServerProtocol[CommsID=bcca56f1-29a2-4c1f-bbce-600fd934e4e5] Successfully received [StandardFlowFileRecord[uuid=b0099791-a902-4c9c-98c5-be93a1585097,claim=StandardContentClaim [resourceClaim=StandardResourceClaim[id=1590505299211-41, container=default, section=41], offset=0, length=3084574],offset=0,name=1682211959066,size=3084574]] (2.94 MB) from Peer[url=nifi://ip-172-31-7-39.ec2.internal:58524] in 1448 milliseconds at a rate of 2.03 MB/sec
2020-05-26 15:01:42,256 INFO [Timer-Driven Process Thread-3] o.a.n.r.p.s.SocketFlowFileServerProtocol SocketFlowFileServerProtocol[CommsID=bcca56f1-29a2-4c1f-bbce-600fd934e4e5] Successfully received [StandardFlowFileRecord[uuid=e4b631ad-8ddf-4034-9b11-dd421655b452,claim=StandardContentClaim [resourceClaim=StandardResourceClaim[id=1590505300662-42, container=default, section=42], offset=0, length=3084574],offset=0,name=1683215246958,size=3084574]] (2.94 MB) from Peer[url=nifi://ip-172-31-7-39.ec2.internal:58524] in 1594 milliseconds at a rate of 1.85 MB/sec
2020-05-26 15:01:43,799 INFO [Timer-Driven Process Thread-3] o.a.n.r.p.s.SocketFlowFileServerProtocol SocketFlowFileServerProtocol[CommsID=bcca56f1-29a2-4c1f-bbce-600fd934e4e5] Successfully received [StandardFlowFileRecord[uuid=b8e4fe12-9a2d-4b42-a134-50a38c8ecf9b,claim=StandardContentClaim [resourceClaim=StandardResourceClaim[id=1590505302258-43, container=default, section=43], offset=0, length=3084574],offset=0,name=1684238808564,size=3084574]] (2.94 MB) from Peer[url=nifi://ip-172-31-7-39.ec2.internal:58524] in 1541 milliseconds at a rate of 1.91 MB/sec
2020-05-26 15:01:44,027 WARN [Timer-Driven Process Thread-1] o.a.n.r.util.SiteToSiteRestApiClient Failed to get controller from http://localhost:8080/nifi-api due to org.apache.http.conn.HttpHostConnectException: Connect to localhost:8080 [localhost/127.0.0.1] failed: Connection refused (Connection refused)
2020-05-26 15:01:44,027 WARN [Timer-Driven Process Thread-1] o.apache.nifi.controller.FlowController Unable to communicate with remote instance RemoteProcessGroup[http://localhost:8080/nifi] due to org.apache.nifi.controller.exception.CommunicationsException: org.apache.nifi.controller.exception.CommunicationsException: Unable to communicate with Remote NiFi at URI http://localhost:8080/nifi due to: Connect to localhost:8080 [localhost/127.0.0.1] failed: Connection refused (Connection refused)
2020-05-26 15:01:45,369 INFO [Timer-Driven Process Thread-3] o.a.n.r.p.s.SocketFlowFileServerProtocol SocketFlowFileServerProtocol[CommsID=bcca56f1-29a2-4c1f-bbce-600fd934e4e5] Successfully received [StandardFlowFileRecord[uuid=62a86a02-b525-48b9-999e-26933acebdc9,claim=StandardContentClaim [resourceClaim=StandardResourceClaim[id=1590505303804-44, container=default, section=44], offset=0, length=3084574],offset=0,name=1685226420606,size=3084574]] (2.94 MB) from Peer[url=nifi://ip-172-31-7-39.ec2.internal:58524] in 1565 milliseconds at a rate of 1.88 MB/sec
2020-05-26 15:01:46,951 INFO [Timer-Driven Process Thread-3] o.a.n.r.p.s.SocketFlowFileServerProtocol SocketFlowFileServerProtocol[CommsID=bcca56f1-29a2-4c1f-bbce-600fd934e4e5] Successfully received [StandardFlowFileRecord[uuid=3ed4db7b-9571-4a3c-84db-ded420af61e3,claim=StandardContentClaim [resourceClaim=StandardResourceClaim[id=1590505305371-45, container=default, section=45], offset=0, length=3084574],offset=0,name=1686234442133,size=3084574]] (2.94 MB) from Peer[url=nifi://ip-172-31-7-39.ec2.internal:58524] in 1580 milliseconds at a rate of 1.86 MB/sec
2020-05-26 15:01:48,573 INFO [Timer-Driven Process Thread-3] o.a.n.r.p.s.SocketFlowFileServerProtocol SocketFlowFileServerProtocol[CommsID=bcca56f1-29a2-4c1f-bbce-600fd934e4e5] Successfully received [StandardFlowFileRecord[uuid=28ca550c-d676-4f3e-8dd4-990847d90e01,claim=StandardContentClaim [resourceClaim=StandardResourceClaim[id=1590505306954-46, container=default, section=46], offset=0, length=3084574],offset=0,name=1687249096531,size=3084574]] (2.94 MB) from Peer[url=nifi://ip-172-31-7-39.ec2.internal:58524] in 1620 milliseconds at a rate of 1.82 MB/sec
2020-05-26 15:01:50,161 INFO [Timer-Driven Process Thread-3] o.a.n.r.p.s.SocketFlowFileServerProtocol SocketFlowFileServerProtocol[CommsID=bcca56f1-29a2-4c1f-bbce-600fd934e4e5] Successfully received [StandardFlowFileRecord[uuid=a655f6b2-8b44-4e2e-a14b-1c4ecac59239,claim=StandardContentClaim [resourceClaim=StandardResourceClaim[id=1590505308575-47, container=default, section=47], offset=0, length=3084574],offset=0,name=1688258380964,size=3084574]] (2.94 MB) from Peer[url=nifi://ip-172-31-7-39.ec2.internal:58524] in 1586 milliseconds at a rate of 1.85 MB/sec
2020-05-26 15:01:51,760 INFO [Timer-Driven Process Thread-3] o.a.n.r.p.s.SocketFlowFileServerProtocol SocketFlowFileServerProtocol[CommsID=bcca56f1-29a2-4c1f-bbce-600fd934e4e5] Successfully received [StandardFlowFileRecord[uuid=d67bf94f-4b2e-4c8a-88ff-8623236c99a8,claim=StandardContentClaim [resourceClaim=StandardResourceClaim[id=1590505310166-48, container=default, section=48], offset=0, length=3084574],offset=0,name=1689253457376,size=3084574]] (2.94 MB) from Peer[url=nifi://ip-172-31-7-39.ec2.internal:58524] in 1597 milliseconds at a rate of 1.84 MB/sec
2020-05-26 15:01:53,362 INFO [Timer-Driven Process Thread-3] o.a.n.r.p.s.SocketFlowFileServerProtocol SocketFlowFileServerProtocol[CommsID=bcca56f1-29a2-4c1f-bbce-600fd934e4e5] Successfully received [StandardFlowFileRecord[uuid=3aa1784d-254c-4b5c-8f84-119d8eb76206,claim=StandardContentClaim [resourceClaim=StandardResourceClaim[id=1590505311762-49, container=default, section=49], offset=0, length=3084574],offset=0,name=1690269207129,size=3084574]] (2.94 MB) from Peer[url=nifi://ip-172-31-7-39.ec2.internal:58524] in 1600 milliseconds at a rate of 1.84 MB/sec
2020-05-26 15:01:54,950 INFO [Timer-Driven Process Thread-3] o.a.n.r.p.s.SocketFlowFileServerProtocol SocketFlowFileServerProtocol[CommsID=bcca56f1-29a2-4c1f-bbce-600fd934e4e5] Successfully received [StandardFlowFileRecord[uuid=cb87ab4a-5f0e-465e-a09f-e1f3643e24cc,claim=StandardContentClaim [resourceClaim=StandardResourceClaim[id=1590505313365-50, container=default, section=50], offset=0, length=3084574],offset=0,name=1691435280793,size=3084574]] (2.94 MB) from Peer[url=nifi://ip-172-31-7-39.ec2.internal:58524] in 1586 milliseconds at a rate of 1.85 MB/sec
2020-05-26 15:01:56,538 INFO [Timer-Driven Process Thread-3] o.a.n.r.p.s.SocketFlowFileServerProtocol SocketFlowFileServerProtocol[CommsID=bcca56f1-29a2-4c1f-bbce-600fd934e4e5] Successfully received [StandardFlowFileRecord[uuid=283db360-2c77-4339-99ba-d5358d1fb103,claim=StandardContentClaim [resourceClaim=StandardResourceClaim[id=1590505314952-51, container=default, section=51], offset=0, length=3084574],offset=0,name=1692291572526,size=3084574]] (2.94 MB) from Peer[url=nifi://ip-172-31-7-39.ec2.internal:58524] in 1585 milliseconds at a rate of 1.86 MB/sec
2020-05-26 15:01:57,638 INFO [Provenance Maintenance Thread-1] o.a.n.p.PersistentProvenanceRepository Created new Provenance Event Writers for events starting with ID 153
2020-05-26 15:01:57,705 INFO [Provenance Repository Rollover Thread-2] o.a.n.p.lucene.SimpleIndexManager Index Writer for ./provenance_repository/index-1590505247000 has been returned to Index Manager and is no longer in use. Closing Index Writer
2020-05-26 15:01:57,707 INFO [Provenance Repository Rollover Thread-2] o.a.n.p.PersistentProvenanceRepository Successfully merged 16 journal files (75 records) into single Provenance Log File ./provenance_repository/78.prov in 69 milliseconds
2020-05-26 15:01:57,708 INFO [Provenance Repository Rollover Thread-2] o.a.n.p.PersistentProvenanceRepository Successfully Rolled over Provenance Event file containing 75 records. In the past 5 minutes, 153 events have been written to the Provenance Repository, totaling 107.64 KB
2020-05-26 15:02:07,560 INFO [Write-Ahead Local State Provider Maintenance] org.wali.MinimalLockingWriteAheadLog org.wali.MinimalLockingWriteAheadLog@130ad58d checkpointed with 0 Records and 0 Swap Files in 5 milliseconds (Stop-the-world time = 1 milliseconds, Clear Edit Logs time = 1 millis), max Transaction ID -1
2020-05-26 15:02:07,648 INFO [pool-2-thread-2] org.apache.nifi.BootstrapListener Received SHUTDOWN request from Bootstrap
2020-05-26 15:02:07,649 INFO [pool-2-thread-2] org.apache.nifi.NiFi Initiating shutdown of Jetty web server...
2020-05-26 15:02:07,652 INFO [pool-2-thread-2] o.eclipse.jetty.server.AbstractConnector Stopped ServerConnector@1a6aecec{HTTP/1.1,[http/1.1]}{172.31.17.113:8080}
2020-05-26 15:02:07,652 INFO [pool-2-thread-2] org.eclipse.jetty.server.session Stopped scavenging
